2024-07-10 11:07:51,INFO,Data fetched successfully
2024-07-10 11:09:34,INFO,Getting the list of databases
2024-07-10 11:09:34,INFO,Fetching the list of databases
2024-07-10 11:09:37,INFO,Databases and collections fetched successfully
2024-07-10 11:12:26,INFO,Data fetched successfully
2024-07-10 12:54:27,INFO,Data fetched successfully
2024-07-10 13:05:22,INFO,Getting the list of databases
2024-07-10 13:05:22,INFO,Fetching the list of databases
2024-07-10 13:05:25,INFO,Databases and collections fetched successfully
2024-07-10 13:07:21,INFO,Data fetched successfully
2024-07-10 13:21:57,INFO,Reloading databases and collections
2024-07-10 13:21:57,ERROR,Error Reloading databases and collections: get_dbs_and_collections() missing 1 required positional argument: 'db_name'
2024-07-10 13:21:58,INFO,Getting the list of databases
2024-07-10 13:21:58,INFO,Fetching the list of databases
2024-07-10 13:22:00,INFO,Databases and collections fetched successfully
2024-07-10 13:22:06,INFO,Data fetched successfully
2024-07-10 13:32:06,INFO,Reloading databases and collections
2024-07-10 13:32:06,ERROR,Error Reloading databases and collections: get_dbs_and_collections() missing 1 required positional argument: 'db_name'
2024-07-10 13:32:06,INFO,Getting the list of databases
2024-07-10 13:32:06,INFO,Fetching the list of databases
2024-07-10 13:32:09,INFO,Databases and collections fetched successfully
2024-07-10 13:32:22,INFO,Data fetched successfully
2024-07-10 15:18:05,INFO,Getting the list of databases
2024-07-10 15:18:05,INFO,Fetching the list of databases
2024-07-10 15:18:10,INFO,Databases and collections fetched successfully
2024-07-10 15:38:53,INFO,Reloading databases and collections
2024-07-10 15:38:53,ERROR,Error Reloading databases and collections: get_dbs_and_collections() missing 1 required positional argument: 'db_name'
2024-07-10 15:38:53,INFO,Getting the list of databases
2024-07-10 15:38:53,INFO,Fetching the list of databases
2024-07-10 15:38:57,INFO,Databases and collections fetched successfully
2024-07-10 15:39:18,INFO,Data fetched successfully
2024-07-10 15:40:37,INFO,Data fetched successfully
2024-07-10 15:48:01,INFO,Reloading databases and collections
2024-07-10 15:48:01,ERROR,Error Reloading databases and collections: get_dbs_and_collections() missing 1 required positional argument: 'db_name'
2024-07-10 15:48:01,INFO,Getting the list of databases
2024-07-10 15:48:01,INFO,Fetching the list of databases
2024-07-10 15:48:05,INFO,Databases and collections fetched successfully
2024-07-10 15:48:13,INFO,Data fetched successfully
2024-07-10 15:49:37,INFO,Getting the list of databases
2024-07-10 15:49:37,INFO,Fetching the list of databases
2024-07-10 15:49:42,INFO,Databases and collections fetched successfully
2024-07-10 15:49:49,INFO,Data fetched successfully
2024-07-10 15:50:48,INFO,Data fetched successfully
2024-07-10 15:51:40,INFO,Data fetched successfully
2024-07-10 15:51:46,INFO,Data fetched successfully
2024-07-11 10:47:33,INFO,Getting the list of databases
2024-07-11 10:47:33,INFO,Fetching the list of databases
2024-07-11 10:47:37,INFO,Databases and collections fetched successfully
2024-07-11 10:48:35,INFO,Data fetched successfully
2024-07-11 12:23:26,INFO,Reloading databases and collections
2024-07-11 12:23:26,ERROR,Error Reloading databases and collections: get_dbs_and_collections() missing 1 required positional argument: 'db_name'
2024-07-11 12:23:26,INFO,Getting the list of databases
2024-07-11 12:23:26,INFO,Fetching the list of databases
2024-07-11 12:23:31,INFO,Databases and collections fetched successfully
2024-07-11 12:23:40,INFO,Data fetched successfully
2024-07-11 12:23:53,INFO,Data fetched successfully
2024-07-11 13:15:02,INFO,Data fetched successfully
2024-07-12 19:46:02,INFO,Reloading databases and collections
2024-07-12 19:46:02,ERROR,Error Reloading databases and collections: get_dbs_and_collections() missing 1 required positional argument: 'db_name'
2024-07-12 19:46:02,INFO,Getting the list of databases
2024-07-12 19:46:02,INFO,Fetching the list of databases
2024-07-12 19:46:06,INFO,Databases and collections fetched successfully
2024-07-12 19:47:08,INFO,Data fetched successfully
2024-07-12 19:47:29,INFO,Data fetched successfully
2024-07-12 21:21:04,INFO,Reloading databases and collections
2024-07-12 21:21:04,ERROR,Error Reloading databases and collections: get_dbs_and_collections() missing 1 required positional argument: 'db_name'
2024-07-12 21:21:04,INFO,Getting the list of databases
2024-07-12 21:21:04,INFO,Fetching the list of databases
2024-07-12 21:21:09,INFO,Databases and collections fetched successfully
2024-07-13 14:42:17,INFO,Data fetched successfully
2024-07-13 14:42:27,INFO,Reloading databases and collections
2024-07-13 14:42:27,ERROR,Error Reloading databases and collections: get_dbs_and_collections() missing 1 required positional argument: 'db_name'
2024-07-13 14:42:27,INFO,Getting the list of databases
2024-07-13 14:42:27,INFO,Fetching the list of databases
2024-07-13 14:42:31,INFO,Databases and collections fetched successfully
2024-07-14 10:50:00,INFO,Reloading databases and collections
2024-07-14 10:50:00,ERROR,Error Reloading databases and collections: get_dbs_and_collections() missing 1 required positional argument: 'db_name'
2024-07-14 10:50:00,INFO,Getting the list of databases
2024-07-14 10:50:00,INFO,Fetching the list of databases
2024-07-14 10:50:05,INFO,Databases and collections fetched successfully
2024-07-14 10:51:30,INFO,Data fetched successfully
2024-07-14 11:40:19,INFO,Data fetched successfully
2024-07-14 11:41:20,INFO,Data fetched successfully
2024-07-14 12:04:57,INFO,Data fetched successfully
2024-07-14 12:05:49,INFO,Data fetched successfully
2024-07-14 18:06:14,INFO,Data fetched successfully
2024-07-14 18:06:58,INFO,Data fetched successfully
2024-07-14 18:07:28,INFO,Data fetched successfully
2024-07-14 18:07:31,INFO,Data fetched successfully
2024-07-14 18:07:32,INFO,Reloading databases and collections
2024-07-14 18:07:32,ERROR,Error Reloading databases and collections: get_dbs_and_collections() missing 1 required positional argument: 'db_name'
2024-07-14 18:07:32,INFO,Getting the list of databases
2024-07-14 18:07:32,INFO,Fetching the list of databases
2024-07-14 18:07:37,INFO,Databases and collections fetched successfully
2024-07-14 20:30:14,INFO,Getting the list of databases
2024-07-14 20:30:14,INFO,Fetching the list of databases
2024-07-14 20:30:20,INFO,Databases and collections fetched successfully
2024-07-14 22:47:10,INFO,Reloading databases and collections
2024-07-14 22:47:10,ERROR,Error Reloading databases and collections: get_dbs_and_collections() missing 1 required positional argument: 'db_name'
2024-07-14 22:47:10,INFO,Getting the list of databases
2024-07-14 22:47:10,INFO,Fetching the list of databases
2024-07-14 22:47:15,INFO,Databases and collections fetched successfully
2024-07-14 22:47:25,INFO,Data fetched successfully
2024-07-14 22:47:58,INFO,Data fetched successfully
2024-07-14 22:48:11,INFO,Data fetched successfully
2024-07-14 22:50:12,INFO,Reloading databases and collections
2024-07-14 22:50:12,ERROR,Error Reloading databases and collections: get_dbs_and_collections() missing 1 required positional argument: 'db_name'
2024-07-14 22:50:12,INFO,Getting the list of databases
2024-07-14 22:50:12,INFO,Fetching the list of databases
2024-07-14 22:50:18,INFO,Databases and collections fetched successfully
2024-07-14 22:50:25,INFO,Data fetched successfully
2024-07-14 23:01:07,INFO,Reloading databases and collections
2024-07-14 23:01:07,ERROR,Error Reloading databases and collections: get_dbs_and_collections() missing 1 required positional argument: 'db_name'
2024-07-14 23:01:07,INFO,Getting the list of databases
2024-07-14 23:01:07,INFO,Fetching the list of databases
2024-07-14 23:01:13,INFO,Databases and collections fetched successfully
2024-07-14 23:06:37,INFO,Getting the list of databases
2024-07-14 23:06:37,INFO,Fetching the list of databases
2024-07-14 23:06:43,INFO,Databases and collections fetched successfully
2024-07-14 23:07:05,INFO,Getting the list of databases
2024-07-14 23:07:05,INFO,Fetching the list of databases
2024-07-14 23:07:11,INFO,Databases and collections fetched successfully
2024-07-14 23:08:18,INFO,Reloading databases and collections
2024-07-14 23:08:18,ERROR,Error Reloading databases and collections: get_dbs_and_collections() missing 1 required positional argument: 'db_name'
2024-07-14 23:08:18,INFO,Getting the list of databases
2024-07-14 23:08:18,INFO,Fetching the list of databases
2024-07-14 23:08:24,INFO,Databases and collections fetched successfully
2024-07-14 23:09:29,INFO,Data fetched successfully
2024-07-15 09:30:45,INFO,Reloading databases and collections
2024-07-15 09:30:45,ERROR,Error Reloading databases and collections: get_dbs_and_collections() missing 1 required positional argument: 'db_name'
2024-07-15 09:30:45,INFO,Getting the list of databases
2024-07-15 09:30:45,INFO,Fetching the list of databases
2024-07-15 09:30:50,INFO,Databases and collections fetched successfully
2024-07-15 09:30:57,INFO,Data fetched successfully
2024-07-16 10:52:17,INFO,Getting the list of databases
2024-07-16 10:52:17,INFO,Fetching the list of databases
2024-07-16 10:52:23,INFO,Databases and collections fetched successfully
2024-07-16 10:52:32,INFO,Data fetched successfully
2024-07-16 11:52:27,INFO,Reloading databases and collections
2024-07-16 11:52:27,ERROR,Error Reloading databases and collections: get_dbs_and_collections() missing 1 required positional argument: 'db_name'
2024-07-16 11:52:27,INFO,Getting the list of databases
2024-07-16 11:52:27,INFO,Fetching the list of databases
2024-07-16 11:52:33,INFO,Databases and collections fetched successfully
2024-07-16 11:52:54,INFO,Data fetched successfully
2024-07-16 12:12:08,INFO,Data fetched successfully
2024-07-18 10:35:22,INFO,Reloading databases and collections
2024-07-18 10:35:22,ERROR,Error Reloading databases and collections: get_dbs_and_collections() missing 1 required positional argument: 'db_name'
2024-07-18 10:35:22,INFO,Getting the list of databases
2024-07-18 10:35:22,INFO,Fetching the list of databases
2024-07-18 10:35:22,INFO,Databases and collections fetched successfully
2024-07-18 10:35:26,INFO,Reloading databases and collections
2024-07-18 10:35:26,ERROR,Error Reloading databases and collections: get_dbs_and_collections() missing 1 required positional argument: 'db_name'
2024-07-18 10:35:26,INFO,Getting the list of databases
2024-07-18 10:35:26,INFO,Fetching the list of databases
2024-07-18 10:35:26,INFO,Databases and collections fetched successfully
2024-07-18 10:35:46,INFO,Reloading databases and collections
2024-07-18 10:35:46,ERROR,Error Reloading databases and collections: get_dbs_and_collections() missing 1 required positional argument: 'db_name'
2024-07-18 10:35:46,INFO,Getting the list of databases
2024-07-18 10:35:46,INFO,Fetching the list of databases
2024-07-18 10:35:47,INFO,Databases and collections fetched successfully
2024-07-18 10:35:50,INFO,Data fetched successfully
2024-07-18 13:24:20,INFO,Reloading databases and collections
2024-07-18 13:24:20,ERROR,Error Reloading databases and collections: get_dbs_and_collections() missing 1 required positional argument: 'db_name'
2024-07-18 13:24:20,INFO,Getting the list of databases
2024-07-18 13:24:20,INFO,Fetching the list of databases
2024-07-18 13:24:21,INFO,Databases and collections fetched successfully
2024-07-21 10:42:48,INFO,Data fetched successfully
2024-07-21 14:48:49,INFO,Reloading databases and collections
2024-07-21 14:48:49,ERROR,Error Reloading databases and collections: get_dbs_and_collections() missing 1 required positional argument: 'db_name'
2024-07-21 14:48:49,INFO,Getting the list of databases
2024-07-21 14:48:49,INFO,Fetching the list of databases
2024-07-21 14:48:50,INFO,Databases and collections fetched successfully
2024-07-21 14:48:57,INFO,Data fetched successfully
2024-07-21 14:49:08,INFO,Data fetched successfully
2024-07-21 19:02:37,INFO,Reloading databases and collections
2024-07-21 19:02:37,ERROR,Error Reloading databases and collections: get_dbs_and_collections() missing 1 required positional argument: 'db_name'
2024-07-21 19:02:37,INFO,Getting the list of databases
2024-07-21 19:02:37,INFO,Fetching the list of databases
2024-07-21 19:02:37,INFO,Databases and collections fetched successfully
2024-07-21 22:04:53,INFO,Reloading databases and collections
2024-07-21 22:04:53,ERROR,Error Reloading databases and collections: get_dbs_and_collections() missing 1 required positional argument: 'db_name'
2024-07-21 22:04:53,INFO,Getting the list of databases
2024-07-21 22:04:53,INFO,Fetching the list of databases
2024-07-21 22:04:54,INFO,Databases and collections fetched successfully
2024-07-21 22:05:00,INFO,Data fetched successfully
2024-07-22 09:13:32,INFO,Reloading databases and collections
2024-07-22 09:13:32,ERROR,Error Reloading databases and collections: get_dbs_and_collections() missing 1 required positional argument: 'db_name'
2024-07-22 09:13:33,INFO,Getting the list of databases
2024-07-22 09:13:33,INFO,Fetching the list of databases
2024-07-22 09:13:33,INFO,Databases and collections fetched successfully
2024-07-22 09:13:38,INFO,Data fetched successfully
2024-07-22 09:29:36,INFO,Getting the list of databases
2024-07-22 09:29:36,INFO,Fetching the list of databases
2024-07-22 09:29:37,INFO,Databases and collections fetched successfully
2024-07-22 09:29:52,INFO,Data fetched successfully
2024-07-22 09:55:24,INFO,Data fetched successfully
2024-07-22 11:08:04,INFO,Reloading databases and collections
2024-07-22 11:08:04,ERROR,Error Reloading databases and collections: get_dbs_and_collections() missing 1 required positional argument: 'db_name'
2024-07-22 11:08:04,INFO,Getting the list of databases
2024-07-22 11:08:04,INFO,Fetching the list of databases
2024-07-22 11:08:04,INFO,Databases and collections fetched successfully
2024-07-22 11:08:25,INFO,Reloading databases and collections
2024-07-22 11:08:25,ERROR,Error Reloading databases and collections: get_dbs_and_collections() missing 1 required positional argument: 'db_name'
2024-07-22 11:08:25,INFO,Getting the list of databases
2024-07-22 11:08:25,INFO,Fetching the list of databases
2024-07-22 11:08:26,INFO,Databases and collections fetched successfully
2024-07-22 11:08:30,INFO,Data fetched successfully
2024-07-22 11:40:36,INFO,Reloading databases and collections
2024-07-22 11:40:36,ERROR,Error Reloading databases and collections: get_dbs_and_collections() missing 1 required positional argument: 'db_name'
2024-07-22 11:40:37,INFO,Getting the list of databases
2024-07-22 11:40:37,INFO,Fetching the list of databases
2024-07-22 11:40:38,INFO,Databases and collections fetched successfully
2024-07-22 11:40:44,INFO,Data fetched successfully
2024-07-22 11:41:07,INFO,Reloading databases and collections
2024-07-22 11:41:07,ERROR,Error Reloading databases and collections: get_dbs_and_collections() missing 1 required positional argument: 'db_name'
2024-07-22 11:41:07,INFO,Getting the list of databases
2024-07-22 11:41:07,INFO,Fetching the list of databases
2024-07-22 11:41:08,INFO,Databases and collections fetched successfully
2024-07-22 11:41:18,INFO,Reloading databases and collections
2024-07-22 11:41:18,ERROR,Error Reloading databases and collections: get_dbs_and_collections() missing 1 required positional argument: 'db_name'
2024-07-22 11:41:18,INFO,Getting the list of databases
2024-07-22 11:41:18,INFO,Fetching the list of databases
2024-07-22 11:41:19,INFO,Databases and collections fetched successfully
2024-07-22 11:41:24,INFO,Data fetched successfully
2024-07-22 13:35:52,INFO,Reloading databases and collections
2024-07-22 13:35:52,ERROR,Error Reloading databases and collections: get_dbs_and_collections() missing 1 required positional argument: 'db_name'
2024-07-22 13:35:52,INFO,Getting the list of databases
2024-07-22 13:35:52,INFO,Fetching the list of databases
2024-07-22 13:35:53,INFO,Databases and collections fetched successfully
2024-07-22 13:54:13,INFO,Reloading databases and collections
2024-07-22 13:54:13,ERROR,Error Reloading databases and collections: get_dbs_and_collections() missing 1 required positional argument: 'db_name'
2024-07-22 13:54:13,INFO,Getting the list of databases
2024-07-22 13:54:13,INFO,Fetching the list of databases
2024-07-22 13:54:14,INFO,Databases and collections fetched successfully
2024-07-22 14:24:58,INFO,Reloading databases and collections
2024-07-22 14:24:58,ERROR,Error Reloading databases and collections: get_dbs_and_collections() missing 1 required positional argument: 'db_name'
2024-07-22 14:24:58,INFO,Getting the list of databases
2024-07-22 14:24:58,INFO,Fetching the list of databases
2024-07-22 14:24:59,INFO,Databases and collections fetched successfully
2024-07-22 14:25:06,INFO,Data fetched successfully
2024-07-22 14:49:57,INFO,Reloading databases and collections
2024-07-22 14:49:57,ERROR,Error Reloading databases and collections: get_dbs_and_collections() missing 1 required positional argument: 'db_name'
2024-07-22 14:49:57,INFO,Getting the list of databases
2024-07-22 14:49:57,INFO,Fetching the list of databases
2024-07-22 14:49:58,INFO,Databases and collections fetched successfully
2024-07-22 14:50:11,INFO,Data fetched successfully
2024-07-22 14:50:33,INFO,Data fetched successfully
2024-07-22 14:50:46,INFO,Data fetched successfully
2024-07-22 14:51:11,INFO,Data fetched successfully
2024-07-23 10:26:36,INFO,Reloading databases and collections
2024-07-23 10:26:36,ERROR,Error Reloading databases and collections: get_dbs_and_collections() missing 1 required positional argument: 'db_name'
2024-07-23 10:26:36,INFO,Getting the list of databases
2024-07-23 10:26:36,INFO,Fetching the list of databases
2024-07-23 10:26:38,INFO,Databases and collections fetched successfully
2024-07-23 10:26:55,INFO,Data fetched successfully
2024-07-23 10:29:14,INFO,Data fetched successfully
2024-07-23 10:54:27,INFO,Reloading databases and collections
2024-07-23 10:54:27,ERROR,Error Reloading databases and collections: get_dbs_and_collections() missing 1 required positional argument: 'db_name'
2024-07-23 10:54:27,INFO,Getting the list of databases
2024-07-23 10:54:27,INFO,Fetching the list of databases
2024-07-23 10:54:29,INFO,Databases and collections fetched successfully
2024-07-23 10:54:54,INFO,Data fetched successfully
2024-07-23 11:06:50,INFO,Reloading databases and collections
2024-07-23 11:06:50,ERROR,Error Reloading databases and collections: get_dbs_and_collections() missing 1 required positional argument: 'db_name'
2024-07-23 11:06:50,INFO,Getting the list of databases
2024-07-23 11:06:50,INFO,Fetching the list of databases
2024-07-23 11:06:51,INFO,Databases and collections fetched successfully
2024-07-23 11:06:56,INFO,Data fetched successfully
2024-07-23 11:07:00,INFO,Data fetched successfully
2024-07-23 11:07:02,INFO,Reloading databases and collections
2024-07-23 11:07:02,ERROR,Error Reloading databases and collections: get_dbs_and_collections() missing 1 required positional argument: 'db_name'
2024-07-23 11:07:02,INFO,Getting the list of databases
2024-07-23 11:07:02,INFO,Fetching the list of databases
2024-07-23 11:07:04,INFO,Databases and collections fetched successfully
2024-07-23 11:07:14,INFO,Data fetched successfully
2024-07-23 11:52:57,INFO,Reloading databases and collections
2024-07-23 11:52:57,ERROR,Error Reloading databases and collections: get_dbs_and_collections() missing 1 required positional argument: 'db_name'
2024-07-23 11:52:57,INFO,Getting the list of databases
2024-07-23 11:52:57,INFO,Fetching the list of databases
2024-07-23 11:52:58,INFO,Databases and collections fetched successfully
2024-07-23 11:53:05,INFO,Data fetched successfully
2024-07-23 11:53:34,INFO,Reloading databases and collections
2024-07-23 11:53:34,ERROR,Error Reloading databases and collections: get_dbs_and_collections() missing 1 required positional argument: 'db_name'
2024-07-23 11:53:34,INFO,Getting the list of databases
2024-07-23 11:53:34,INFO,Fetching the list of databases
2024-07-23 11:53:36,INFO,Databases and collections fetched successfully
2024-07-23 11:53:44,INFO,Data fetched successfully
2024-07-23 13:20:21,INFO,Getting the list of databases
2024-07-23 13:20:21,INFO,Fetching the list of databases
2024-07-23 13:20:22,INFO,Databases and collections fetched successfully
2024-07-23 13:20:39,INFO,Data fetched successfully
2024-07-23 13:25:45,INFO,Getting the list of databases
2024-07-23 13:25:45,INFO,Fetching the list of databases
2024-07-23 13:25:57,INFO,Databases and collections fetched successfully
2024-07-23 13:55:58,INFO,Data fetched successfully
2024-07-23 13:56:11,INFO,Data fetched successfully
2024-07-23 13:56:18,INFO,Reloading databases and collections
2024-07-23 13:56:18,ERROR,Error Reloading databases and collections: get_dbs_and_collections() missing 1 required positional argument: 'db_name'
2024-07-23 13:56:18,INFO,Getting the list of databases
2024-07-23 13:56:18,INFO,Fetching the list of databases
2024-07-23 13:56:20,INFO,Databases and collections fetched successfully
2024-07-23 13:56:25,INFO,Data fetched successfully
2024-07-23 14:56:01,INFO,Data fetched successfully
2024-07-23 15:15:59,INFO,Data fetched successfully
2024-07-23 15:16:01,INFO,Reloading databases and collections
2024-07-23 15:16:01,ERROR,Error Reloading databases and collections: get_dbs_and_collections() missing 1 required positional argument: 'db_name'
2024-07-23 15:16:01,INFO,Getting the list of databases
2024-07-23 15:16:01,INFO,Fetching the list of databases
2024-07-23 15:16:03,INFO,Databases and collections fetched successfully
2024-07-23 15:16:09,INFO,Data fetched successfully
2024-07-23 15:41:17,INFO,Reloading databases and collections
2024-07-23 15:41:17,ERROR,Error Reloading databases and collections: get_dbs_and_collections() missing 1 required positional argument: 'db_name'
2024-07-23 15:41:17,INFO,Getting the list of databases
2024-07-23 15:41:17,INFO,Fetching the list of databases
2024-07-23 15:41:19,INFO,Databases and collections fetched successfully
2024-07-23 15:41:24,INFO,Data fetched successfully
2024-07-23 17:20:21,INFO,Reloading databases and collections
2024-07-23 17:20:21,ERROR,Error Reloading databases and collections: get_dbs_and_collections() missing 1 required positional argument: 'db_name'
2024-07-23 17:20:21,INFO,Getting the list of databases
2024-07-23 17:20:21,INFO,Fetching the list of databases
2024-07-23 17:20:23,INFO,Databases and collections fetched successfully
2024-07-23 17:20:29,INFO,Data fetched successfully
2024-07-23 17:20:39,INFO,Data fetched successfully
2024-07-24 10:45:49,INFO,Reloading databases and collections
2024-07-24 10:45:49,ERROR,Error Reloading databases and collections: get_dbs_and_collections() missing 1 required positional argument: 'db_name'
2024-07-24 10:45:49,INFO,Getting the list of databases
2024-07-24 10:45:49,INFO,Fetching the list of databases
2024-07-24 10:45:51,INFO,Databases and collections fetched successfully
2024-07-24 10:46:01,INFO,Data fetched successfully
2024-07-24 11:33:20,INFO,Getting the list of databases
2024-07-24 11:33:20,INFO,Fetching the list of databases
2024-07-24 11:33:23,INFO,Databases and collections fetched successfully
2024-07-24 12:30:14,INFO,Data fetched successfully
2024-07-24 13:52:32,INFO,Data fetched successfully
2024-07-24 13:52:36,INFO,Data fetched successfully
2024-07-24 13:52:44,INFO,Data fetched successfully
2024-07-24 13:52:46,INFO,Reloading databases and collections
2024-07-24 13:52:46,ERROR,Error Reloading databases and collections: get_dbs_and_collections() missing 1 required positional argument: 'db_name'
2024-07-24 13:52:46,INFO,Getting the list of databases
2024-07-24 13:52:46,INFO,Fetching the list of databases
2024-07-24 13:52:48,INFO,Databases and collections fetched successfully
2024-07-24 13:52:54,INFO,Data fetched successfully
2024-07-24 13:52:56,INFO,Data fetched successfully
2024-07-24 15:00:26,INFO,Reloading databases and collections
2024-07-24 15:00:26,ERROR,Error Reloading databases and collections: get_dbs_and_collections() missing 1 required positional argument: 'db_name'
2024-07-24 15:00:27,INFO,Getting the list of databases
2024-07-24 15:00:27,INFO,Fetching the list of databases
2024-07-24 15:00:28,INFO,Databases and collections fetched successfully
2024-07-24 15:00:35,INFO,Data fetched successfully
2024-07-25 13:02:21,INFO,Reloading databases and collections
2024-07-25 13:02:21,ERROR,Error Reloading databases and collections: get_dbs_and_collections() missing 1 required positional argument: 'db_name'
2024-07-25 13:02:21,INFO,Getting the list of databases
2024-07-25 13:02:21,INFO,Fetching the list of databases
2024-07-25 13:02:23,INFO,Databases and collections fetched successfully
2024-07-25 13:02:30,INFO,Data fetched successfully
2024-07-25 16:48:53,INFO,Getting the list of databases
2024-07-25 16:48:53,INFO,Fetching the list of databases
2024-07-25 16:48:53,INFO,Databases and collections fetched successfully
2024-07-25 17:22:46,INFO,Reloading databases and collections
2024-07-25 17:22:46,ERROR,Error Reloading databases and collections: get_dbs_and_collections() missing 1 required positional argument: 'db_name'
2024-07-25 17:22:46,INFO,Getting the list of databases
2024-07-25 17:22:46,INFO,Fetching the list of databases
2024-07-25 17:22:46,INFO,Databases and collections fetched successfully
2024-07-25 17:22:49,INFO,Reloading databases and collections
2024-07-25 17:22:49,ERROR,Error Reloading databases and collections: get_dbs_and_collections() missing 1 required positional argument: 'db_name'
2024-07-25 17:22:49,INFO,Getting the list of databases
2024-07-25 17:22:49,INFO,Fetching the list of databases
2024-07-25 17:22:49,INFO,Databases and collections fetched successfully
2024-07-25 17:22:50,INFO,Reloading databases and collections
2024-07-25 17:22:50,ERROR,Error Reloading databases and collections: get_dbs_and_collections() missing 1 required positional argument: 'db_name'
2024-07-25 17:22:50,INFO,Getting the list of databases
2024-07-25 17:22:50,INFO,Fetching the list of databases
2024-07-25 17:22:50,INFO,Databases and collections fetched successfully
2024-07-25 17:22:51,INFO,Reloading databases and collections
2024-07-25 17:22:51,ERROR,Error Reloading databases and collections: get_dbs_and_collections() missing 1 required positional argument: 'db_name'
2024-07-25 17:22:51,INFO,Getting the list of databases
2024-07-25 17:22:51,INFO,Fetching the list of databases
2024-07-25 17:22:51,INFO,Databases and collections fetched successfully
2024-07-25 17:54:12,INFO,Data fetched successfully
2024-07-25 17:55:40,INFO,Reloading databases and collections
2024-07-25 17:55:40,ERROR,Error Reloading databases and collections: get_dbs_and_collections() missing 1 required positional argument: 'db_name'
2024-07-25 17:55:40,INFO,Getting the list of databases
2024-07-25 17:55:40,INFO,Fetching the list of databases
2024-07-25 17:55:41,INFO,Databases and collections fetched successfully
2024-07-25 17:55:44,INFO,Reloading databases and collections
2024-07-25 17:55:44,ERROR,Error Reloading databases and collections: get_dbs_and_collections() missing 1 required positional argument: 'db_name'
2024-07-25 17:55:44,INFO,Getting the list of databases
2024-07-25 17:55:44,INFO,Fetching the list of databases
2024-07-25 17:55:44,INFO,Databases and collections fetched successfully
2024-07-25 17:56:04,INFO,Getting the list of databases
2024-07-25 17:56:04,INFO,Fetching the list of databases
2024-07-25 17:56:05,INFO,Databases and collections fetched successfully
2024-07-25 17:56:49,INFO,Reloading databases and collections
2024-07-25 17:56:49,ERROR,Error Reloading databases and collections: get_dbs_and_collections() missing 1 required positional argument: 'db_name'
2024-07-25 17:56:49,INFO,Getting the list of databases
2024-07-25 17:56:49,INFO,Fetching the list of databases
2024-07-25 17:56:50,INFO,Databases and collections fetched successfully
2024-07-25 17:59:07,INFO,Data fetched successfully
2024-07-25 18:01:00,INFO,Data fetched successfully
2024-07-26 15:41:59,INFO,Reloading databases and collections
2024-07-26 15:41:59,ERROR,Error Reloading databases and collections: get_dbs_and_collections() missing 1 required positional argument: 'db_name'
2024-07-26 15:41:59,INFO,Getting the list of databases
2024-07-26 15:41:59,INFO,Fetching the list of databases
2024-07-26 15:41:59,INFO,Databases and collections fetched successfully
2024-07-26 15:42:05,INFO,Data fetched successfully
2024-07-26 15:42:41,INFO,Data fetched successfully
2024-07-26 15:46:52,INFO,Reloading databases and collections
2024-07-26 15:46:52,ERROR,Error Reloading databases and collections: get_dbs_and_collections() missing 1 required positional argument: 'db_name'
2024-07-26 15:46:53,INFO,Getting the list of databases
2024-07-26 15:46:53,INFO,Fetching the list of databases
2024-07-26 15:46:53,INFO,Databases and collections fetched successfully
2024-07-26 15:46:56,INFO,Reloading databases and collections
2024-07-26 15:46:56,ERROR,Error Reloading databases and collections: get_dbs_and_collections() missing 1 required positional argument: 'db_name'
2024-07-26 15:46:56,INFO,Getting the list of databases
2024-07-26 15:46:56,INFO,Fetching the list of databases
2024-07-26 15:46:56,INFO,Databases and collections fetched successfully
2024-07-26 15:47:41,INFO,Data fetched successfully
2024-07-26 15:48:01,INFO,Getting the list of databases
2024-07-26 15:48:01,INFO,Fetching the list of databases
2024-07-26 15:48:02,INFO,Databases and collections fetched successfully
2024-07-26 15:53:58,INFO,Reloading databases and collections
2024-07-26 15:53:58,ERROR,Error Reloading databases and collections: get_dbs_and_collections() missing 1 required positional argument: 'db_name'
2024-07-26 15:53:58,INFO,Getting the list of databases
2024-07-26 15:53:58,INFO,Fetching the list of databases
2024-07-26 15:53:58,INFO,Databases and collections fetched successfully
2024-07-26 15:54:02,INFO,Reloading databases and collections
2024-07-26 15:54:02,ERROR,Error Reloading databases and collections: get_dbs_and_collections() missing 1 required positional argument: 'db_name'
2024-07-26 15:54:02,INFO,Getting the list of databases
2024-07-26 15:54:02,INFO,Fetching the list of databases
2024-07-26 15:54:02,INFO,Databases and collections fetched successfully
2024-07-26 15:54:09,INFO,Data fetched successfully
2024-07-26 16:01:54,INFO,Data fetched successfully
2024-07-26 16:07:26,INFO,Data fetched successfully
2024-07-26 16:07:52,INFO,Data fetched successfully
2024-07-26 16:09:22,INFO,Data fetched successfully
2024-07-26 16:13:30,INFO,Data fetched successfully
2024-07-26 16:14:47,INFO,Data fetched successfully
2024-07-26 16:16:33,INFO,Data fetched successfully
2024-07-26 16:17:22,INFO,Data fetched successfully
2024-07-26 16:23:57,INFO,Data fetched successfully
2024-07-26 16:28:03,INFO,Data fetched successfully
2024-07-26 16:28:35,INFO,Data fetched successfully
2024-07-26 16:28:51,INFO,Data fetched successfully
2024-07-26 16:29:21,INFO,Data fetched successfully
2024-07-26 16:29:54,INFO,Data fetched successfully
2024-07-26 16:30:47,INFO,Data fetched successfully
2024-07-26 16:33:18,INFO,Data fetched successfully
2024-07-26 16:33:26,INFO,Data fetched successfully
2024-07-26 16:34:36,INFO,Data fetched successfully
2024-07-28 10:21:03,INFO,Data fetched successfully
2024-07-28 10:21:07,INFO,Reloading databases and collections
2024-07-28 10:21:07,ERROR,Error Reloading databases and collections: get_dbs_and_collections() missing 1 required positional argument: 'db_name'
2024-07-28 10:21:07,INFO,Getting the list of databases
2024-07-28 10:21:07,INFO,Fetching the list of databases
2024-07-28 10:21:07,INFO,Databases and collections fetched successfully
2024-07-28 10:21:42,INFO,Reloading databases and collections
2024-07-28 10:21:42,ERROR,Error Reloading databases and collections: get_dbs_and_collections() missing 1 required positional argument: 'db_name'
2024-07-28 10:21:42,INFO,Getting the list of databases
2024-07-28 10:21:42,INFO,Fetching the list of databases
2024-07-28 10:21:43,INFO,Databases and collections fetched successfully
2024-07-28 10:21:45,INFO,Data fetched successfully
2024-07-28 10:22:12,INFO,Data fetched successfully
2024-07-28 11:04:59,INFO,Reloading databases and collections
2024-07-28 11:04:59,ERROR,Error Reloading databases and collections: get_dbs_and_collections() missing 1 required positional argument: 'db_name'
2024-07-28 11:04:59,INFO,Getting the list of databases
2024-07-28 11:04:59,INFO,Fetching the list of databases
2024-07-28 11:04:59,INFO,Databases and collections fetched successfully
2024-07-28 11:05:03,INFO,Data fetched successfully
2024-07-28 11:05:12,INFO,Data fetched successfully
2024-07-28 15:44:50,INFO,Getting the list of databases
2024-07-28 15:44:50,INFO,Fetching the list of databases
2024-07-28 15:44:51,INFO,Databases and collections fetched successfully
2024-07-28 18:21:30,INFO,Reloading databases and collections
2024-07-28 18:21:30,ERROR,Error Reloading databases and collections: get_dbs_and_collections() missing 1 required positional argument: 'db_name'
2024-07-28 18:21:30,INFO,Getting the list of databases
2024-07-28 18:21:30,INFO,Fetching the list of databases
2024-07-28 18:21:31,INFO,Databases and collections fetched successfully
2024-07-28 18:46:34,INFO,Reloading databases and collections
2024-07-28 18:46:34,ERROR,Error Reloading databases and collections: get_dbs_and_collections() missing 1 required positional argument: 'db_name'
2024-07-28 18:46:34,INFO,Getting the list of databases
2024-07-28 18:46:34,INFO,Fetching the list of databases
2024-07-28 18:46:35,INFO,Databases and collections fetched successfully
2024-07-28 18:46:38,INFO,Data fetched successfully
2024-07-28 18:46:39,INFO,Data fetched successfully
2024-07-29 16:10:21,INFO,Reloading databases and collections
2024-07-29 16:10:21,ERROR,Error Reloading databases and collections: get_dbs_and_collections() missing 1 required positional argument: 'db_name'
2024-07-29 16:10:21,INFO,Getting the list of databases
2024-07-29 16:10:21,INFO,Fetching the list of databases
2024-07-29 16:10:23,INFO,Databases and collections fetched successfully
2024-07-29 16:10:29,INFO,Data fetched successfully
2024-07-30 11:48:31,INFO,Getting the list of databases
2024-07-30 11:48:31,INFO,Fetching the list of databases
2024-07-30 11:48:33,INFO,Databases and collections fetched successfully
2024-07-30 15:02:35,INFO,Getting the list of databases
2024-07-30 15:02:35,INFO,Fetching the list of databases
2024-07-30 15:02:36,INFO,Databases and collections fetched successfully
2024-07-30 15:02:39,INFO,Reloading databases and collections
2024-07-30 15:02:39,ERROR,Error Reloading databases and collections: get_dbs_and_collections() missing 1 required positional argument: 'db_name'
2024-07-30 15:02:39,INFO,Getting the list of databases
2024-07-30 15:02:39,INFO,Fetching the list of databases
2024-07-30 15:02:39,INFO,Databases and collections fetched successfully
2024-07-30 15:03:27,INFO,Reloading databases and collections
2024-07-30 15:03:27,ERROR,Error Reloading databases and collections: get_dbs_and_collections() missing 1 required positional argument: 'db_name'
2024-07-30 15:03:27,INFO,Getting the list of databases
2024-07-30 15:03:27,INFO,Fetching the list of databases
2024-07-30 15:03:27,INFO,Databases and collections fetched successfully
2024-07-30 15:03:30,INFO,Data fetched successfully
2024-07-31 10:49:35,INFO,Getting the list of databases
2024-07-31 10:49:35,INFO,Fetching the list of databases
2024-07-31 10:49:35,INFO,Databases and collections fetched successfully
2024-07-31 13:31:17,INFO,Reloading databases and collections
2024-07-31 13:31:17,ERROR,Error Reloading databases and collections: get_dbs_and_collections() missing 1 required positional argument: 'db_name'
2024-07-31 13:31:17,INFO,Getting the list of databases
2024-07-31 13:31:17,INFO,Fetching the list of databases
2024-07-31 13:31:17,INFO,Databases and collections fetched successfully
2024-07-31 13:31:19,INFO,Reloading databases and collections
2024-07-31 13:31:19,ERROR,Error Reloading databases and collections: get_dbs_and_collections() missing 1 required positional argument: 'db_name'
2024-07-31 13:31:20,INFO,Getting the list of databases
2024-07-31 13:31:20,INFO,Fetching the list of databases
2024-07-31 13:31:20,INFO,Databases and collections fetched successfully
2024-07-31 13:32:27,INFO,Reloading databases and collections
2024-07-31 13:32:27,ERROR,Error Reloading databases and collections: get_dbs_and_collections() missing 1 required positional argument: 'db_name'
2024-07-31 13:32:28,INFO,Getting the list of databases
2024-07-31 13:32:28,INFO,Fetching the list of databases
2024-07-31 13:32:28,INFO,Databases and collections fetched successfully
2024-07-31 13:35:07,INFO,Data fetched successfully
2024-07-31 13:35:07,INFO,Data fetched successfully
2024-07-31 13:48:00,INFO,Data fetched successfully
2024-07-31 14:13:58,INFO,Reloading databases and collections
2024-07-31 14:13:58,ERROR,Error Reloading databases and collections: get_dbs_and_collections() missing 1 required positional argument: 'db_name'
2024-07-31 14:13:58,INFO,Getting the list of databases
2024-07-31 14:13:58,INFO,Fetching the list of databases
2024-07-31 14:13:59,INFO,Databases and collections fetched successfully
2024-07-31 14:14:00,INFO,Data fetched successfully
2024-07-31 14:22:20,INFO,Reloading databases and collections
2024-07-31 14:22:20,ERROR,Error Reloading databases and collections: get_dbs_and_collections() missing 1 required positional argument: 'db_name'
2024-07-31 14:22:21,INFO,Getting the list of databases
2024-07-31 14:22:21,INFO,Fetching the list of databases
2024-07-31 14:22:21,INFO,Databases and collections fetched successfully
2024-07-31 14:22:23,INFO,Data fetched successfully
2024-08-01 13:23:40,INFO,Reloading databases and collections
2024-08-01 13:23:40,ERROR,Error Reloading databases and collections: get_dbs_and_collections() missing 1 required positional argument: 'db_name'
2024-08-01 13:23:40,INFO,Getting the list of databases
2024-08-01 13:23:40,INFO,Fetching the list of databases
2024-08-01 13:23:40,INFO,Databases and collections fetched successfully
2024-08-01 13:23:42,INFO,Data fetched successfully
2024-08-01 13:24:08,INFO,Data fetched successfully
2024-08-01 13:24:24,INFO,Data fetched successfully
2024-08-01 13:24:32,INFO,Data fetched successfully
2024-08-04 10:58:18,INFO,Data fetched successfully
2024-08-04 10:58:20,INFO,Reloading databases and collections
2024-08-04 10:58:20,ERROR,Error Reloading databases and collections: get_dbs_and_collections() missing 1 required positional argument: 'db_name'
2024-08-04 10:58:20,INFO,Getting the list of databases
2024-08-04 10:58:20,INFO,Fetching the list of databases
2024-08-04 10:58:20,INFO,Databases and collections fetched successfully
2024-08-04 10:58:22,INFO,Data fetched successfully
2024-08-04 10:58:30,INFO,Data fetched successfully
2024-08-05 10:11:25,INFO,Reloading databases and collections
2024-08-05 10:11:25,ERROR,Error Reloading databases and collections: get_dbs_and_collections() missing 1 required positional argument: 'db_name'
2024-08-05 10:11:25,INFO,Getting the list of databases
2024-08-05 10:11:25,INFO,Fetching the list of databases
2024-08-05 10:11:25,INFO,Databases and collections fetched successfully
2024-08-05 10:11:30,INFO,Data fetched successfully
2024-08-05 10:56:14,INFO,Data fetched successfully
2024-08-05 10:56:15,INFO,Data fetched successfully
2024-08-05 11:01:43,INFO,Getting the list of databases
2024-08-05 11:01:43,INFO,Fetching the list of databases
2024-08-05 11:01:51,INFO,Getting the list of databases
2024-08-05 11:01:51,INFO,Fetching the list of databases
2024-08-05 11:01:52,INFO,Databases and collections fetched successfully
2024-08-05 11:02:00,INFO,Getting the list of databases
2024-08-05 11:02:00,INFO,Fetching the list of databases
2024-08-05 11:02:40,INFO,Getting the list of databases
2024-08-05 11:02:40,INFO,Fetching the list of databases
2024-08-05 11:02:41,INFO,Databases and collections fetched successfully
2024-08-05 11:04:10,INFO,Getting the list of databases
2024-08-05 11:04:10,INFO,Fetching the list of databases
2024-08-05 11:04:14,INFO,Getting the list of databases
2024-08-05 11:04:14,INFO,Fetching the list of databases
2024-08-05 11:04:15,INFO,Databases and collections fetched successfully
2024-08-05 11:04:57,INFO,Getting the list of databases
2024-08-05 11:04:57,INFO,Fetching the list of databases
2024-08-05 11:04:59,INFO,Databases and collections fetched successfully
2024-08-05 11:05:46,INFO,Getting the list of databases
2024-08-05 11:05:46,INFO,Fetching the list of databases
2024-08-05 11:06:54,INFO,Getting the list of databases
2024-08-05 11:06:54,INFO,Fetching the list of databases
2024-08-05 11:06:55,INFO,Databases and collections fetched successfully
2024-08-05 11:07:03,INFO,Getting the list of databases
2024-08-05 11:07:03,INFO,Fetching the list of databases
2024-08-05 11:07:40,INFO,Getting the list of databases
2024-08-05 11:07:40,INFO,Fetching the list of databases
2024-08-05 11:07:41,INFO,Databases and collections fetched successfully
2024-08-05 11:07:43,INFO,Getting the list of databases
2024-08-05 11:07:43,INFO,Fetching the list of databases
2024-08-05 11:08:44,INFO,Getting the list of databases
2024-08-05 11:08:44,INFO,Fetching the list of databases
2024-08-05 11:08:44,INFO,Fetching the first and last documents for d83adde26159.exp_1_Switch_Freq_DATA
2024-08-05 11:08:45,INFO,Databases and collections fetched successfully
2024-08-05 11:08:53,INFO,Reloading databases and collections
2024-08-05 11:08:53,ERROR,Error Reloading databases and collections: get_dbs_and_collections() missing 1 required positional argument: 'db_name'
2024-08-05 11:08:53,INFO,Getting the list of databases
2024-08-05 11:08:53,INFO,Fetching the list of databases
2024-08-05 11:08:53,INFO,Fetching the first and last documents for d83adde26159.exp_1_Switch_Freq_DATA
2024-08-05 11:08:54,INFO,Databases and collections fetched successfully
2024-08-05 11:09:23,INFO,Getting the list of databases
2024-08-05 11:09:23,INFO,Fetching the list of databases
2024-08-05 11:09:23,INFO,Fetching the first and last documents for d83adde26159.exp_1_Switch_Freq_DATA
2024-08-05 11:09:24,INFO,Databases and collections fetched successfully
2024-08-05 11:10:49,INFO,Getting the list of databases
2024-08-05 11:10:49,INFO,Fetching the list of databases
2024-08-05 11:10:49,INFO,Databases and collections fetched successfully
2024-08-05 11:10:57,INFO,Getting the list of databases
2024-08-05 11:10:57,INFO,Fetching the list of databases
2024-08-05 11:10:57,INFO,Databases and collections fetched successfully
2024-08-05 11:11:07,INFO,Getting the list of databases
2024-08-05 11:11:07,INFO,Fetching the list of databases
2024-08-05 11:11:08,INFO,Databases and collections fetched successfully
2024-08-05 11:12:13,INFO,Getting the list of databases
2024-08-05 11:12:13,INFO,Fetching the list of databases
2024-08-05 11:12:14,INFO,Databases and collections fetched successfully
2024-08-05 11:12:27,INFO,Getting the list of databases
2024-08-05 11:12:28,INFO,Databases and collections fetched successfully
2024-08-05 11:12:49,INFO,Getting the list of databases
2024-08-05 11:12:50,INFO,Databases and collections fetched successfully
2024-08-05 11:13:04,INFO,Getting the list of databases
2024-08-05 11:13:05,INFO,Databases and collections fetched successfully
2024-08-05 11:13:52,INFO,Getting the list of databases
2024-08-05 11:13:53,INFO,Databases and collections fetched successfully
2024-08-05 11:14:02,INFO,Getting the list of databases
2024-08-05 11:14:03,INFO,Databases and collections fetched successfully
2024-08-05 11:14:26,INFO,Getting the list of databases
2024-08-05 11:14:27,INFO,Databases and collections fetched successfully
2024-08-05 11:14:57,INFO,Getting the list of databases
2024-08-05 11:15:48,INFO,Getting the list of databases
2024-08-05 11:15:49,INFO,Databases and collections fetched successfully
2024-08-05 11:16:35,INFO,Getting the list of databases
2024-08-05 11:16:36,INFO,Databases and collections fetched successfully
2024-08-05 11:16:47,INFO,Getting the list of databases
2024-08-05 11:16:48,INFO,Databases and collections fetched successfully
2024-08-05 11:17:19,INFO,Getting the list of databases
2024-08-05 11:17:50,INFO,Getting the list of databases
2024-08-05 11:17:50,INFO,Databases and collections fetched successfully
2024-08-05 11:18:48,INFO,Getting the list of databases
2024-08-05 11:19:00,INFO,Getting the list of databases
2024-08-05 11:19:38,INFO,Getting the list of databases
2024-08-05 11:20:17,INFO,Getting the list of databases
2024-08-05 11:21:08,INFO,Getting the list of databases
2024-08-05 11:25:53,INFO,Getting the list of databases
2024-08-05 11:27:00,INFO,Getting the list of databases
2024-08-05 11:27:00,INFO,Databases and collections fetched successfully
2024-08-05 11:27:47,INFO,Getting the list of databases
2024-08-05 11:27:47,INFO,Databases and collections fetched successfully
2024-08-05 11:29:28,INFO,Getting the list of databases
2024-08-05 11:29:28,INFO,Databases and collections fetched successfully
2024-08-05 11:30:16,INFO,Data fetched successfully
2024-08-05 11:30:35,INFO,Getting the list of databases
2024-08-05 11:30:35,INFO,Databases and collections fetched successfully
2024-08-05 11:30:37,INFO,Data fetched successfully
2024-08-05 11:30:43,INFO,Data fetched successfully
2024-08-05 11:38:20,INFO,Data fetched successfully
2024-08-05 11:43:17,INFO,Data fetched successfully
2024-08-05 11:44:40,INFO,Reloading databases and collections
2024-08-05 11:44:40,ERROR,Error Reloading databases and collections: get_dbs_and_collections() missing 1 required positional argument: 'db_name'
2024-08-05 11:44:40,INFO,Getting the list of databases
2024-08-05 11:44:40,INFO,Databases and collections fetched successfully
2024-08-05 11:44:42,INFO,Data fetched successfully
2024-08-05 11:46:31,INFO,Data fetched successfully
2024-08-05 11:48:26,INFO,Data fetched successfully
2024-08-05 11:51:20,INFO,Data fetched successfully
2024-08-05 11:53:02,INFO,Data fetched successfully
2024-08-05 11:59:40,INFO,Data fetched successfully
2024-08-05 12:00:18,INFO,Data fetched successfully
2024-08-05 12:01:26,INFO,Data fetched successfully
2024-08-05 12:02:28,INFO,Reloading databases and collections
2024-08-05 12:02:28,ERROR,Error Reloading databases and collections: get_dbs_and_collections() missing 1 required positional argument: 'db_name'
2024-08-05 12:02:28,INFO,Getting the list of databases
2024-08-05 12:02:28,INFO,Databases and collections fetched successfully
2024-08-05 12:02:29,INFO,Data fetched successfully
2024-08-05 12:02:43,INFO,Reloading databases and collections
2024-08-05 12:02:43,ERROR,Error Reloading databases and collections: get_dbs_and_collections() missing 1 required positional argument: 'db_name'
2024-08-05 12:02:43,INFO,Getting the list of databases
2024-08-05 12:02:43,INFO,Databases and collections fetched successfully
2024-08-05 12:02:44,INFO,Data fetched successfully
2024-08-05 12:09:30,INFO,Data fetched successfully
2024-08-05 12:09:36,INFO,Data fetched successfully
2024-08-05 12:09:45,INFO,Data fetched successfully
2024-08-05 12:10:05,INFO,Data fetched successfully
2024-08-05 12:10:42,INFO,Reloading databases and collections
2024-08-05 12:10:42,ERROR,Error Reloading databases and collections: get_dbs_and_collections() missing 1 required positional argument: 'db_name'
2024-08-05 12:10:42,INFO,Getting the list of databases
2024-08-05 12:10:42,INFO,Databases and collections fetched successfully
2024-08-05 12:10:43,INFO,Data fetched successfully
2024-08-05 12:11:38,INFO,Data fetched successfully
2024-08-05 12:15:37,INFO,Reloading databases and collections
2024-08-05 12:15:37,ERROR,Error Reloading databases and collections: get_dbs_and_collections() missing 1 required positional argument: 'db_name'
2024-08-05 12:15:37,INFO,Getting the list of databases
2024-08-05 12:15:37,INFO,Databases and collections fetched successfully
2024-08-05 12:15:40,INFO,Data fetched successfully
2024-08-05 12:16:41,INFO,Reloading databases and collections
2024-08-05 12:16:41,ERROR,Error Reloading databases and collections: get_dbs_and_collections() missing 1 required positional argument: 'db_name'
2024-08-05 12:16:42,INFO,Getting the list of databases
2024-08-05 12:16:42,INFO,Databases and collections fetched successfully
2024-08-05 12:16:47,INFO,Reloading databases and collections
2024-08-05 12:16:47,ERROR,Error Reloading databases and collections: get_dbs_and_collections() missing 1 required positional argument: 'db_name'
2024-08-05 12:16:47,INFO,Getting the list of databases
2024-08-05 12:16:47,INFO,Databases and collections fetched successfully
2024-08-05 12:16:48,INFO,Data fetched successfully
2024-08-05 12:19:17,INFO,Data fetched successfully
2024-08-05 12:21:27,INFO,Data fetched successfully
2024-08-05 12:26:30,INFO,Reloading databases and collections
2024-08-05 12:26:30,ERROR,Error Reloading databases and collections: get_dbs_and_collections() missing 1 required positional argument: 'db_name'
2024-08-05 12:26:30,INFO,Getting the list of databases
2024-08-05 12:26:30,INFO,Databases and collections fetched successfully
2024-08-05 12:26:31,INFO,Data fetched successfully
2024-08-05 12:26:43,INFO,Data fetched successfully
2024-08-05 12:29:12,INFO,Data fetched successfully
2024-08-05 12:30:37,INFO,Data fetched successfully
2024-08-05 12:31:07,INFO,Data fetched successfully
2024-08-05 12:33:21,INFO,Data fetched successfully
2024-08-05 12:34:16,INFO,Data fetched successfully
2024-08-05 12:34:28,INFO,Data fetched successfully
2024-08-05 12:37:19,INFO,Reloading databases and collections
2024-08-05 12:37:19,ERROR,Error Reloading databases and collections: get_dbs_and_collections() missing 1 required positional argument: 'db_name'
2024-08-05 12:37:19,INFO,Getting the list of databases
2024-08-05 12:37:19,INFO,Databases and collections fetched successfully
2024-08-05 12:37:21,INFO,Data fetched successfully
2024-08-05 12:38:36,INFO,Data fetched successfully
2024-08-05 12:39:00,INFO,Reloading databases and collections
2024-08-05 12:39:00,ERROR,Error Reloading databases and collections: get_dbs_and_collections() missing 1 required positional argument: 'db_name'
2024-08-05 12:39:00,INFO,Getting the list of databases
2024-08-05 12:39:00,INFO,Databases and collections fetched successfully
2024-08-05 12:39:01,INFO,Data fetched successfully
2024-08-05 12:39:34,INFO,Data fetched successfully
2024-08-05 12:40:16,INFO,Data fetched successfully
2024-08-05 12:40:37,INFO,Data fetched successfully
2024-08-05 12:40:55,INFO,Data fetched successfully
2024-08-05 12:41:09,INFO,Reloading databases and collections
2024-08-05 12:41:09,ERROR,Error Reloading databases and collections: get_dbs_and_collections() missing 1 required positional argument: 'db_name'
2024-08-05 12:41:09,INFO,Getting the list of databases
2024-08-05 12:41:09,INFO,Databases and collections fetched successfully
2024-08-05 12:41:10,INFO,Data fetched successfully
2024-08-05 12:42:58,INFO,Data fetched successfully
2024-08-05 12:44:03,INFO,Data fetched successfully
2024-08-05 12:44:12,INFO,Data fetched successfully
2024-08-05 12:44:39,INFO,Data fetched successfully
2024-08-05 12:45:47,INFO,Data fetched successfully
2024-08-05 12:52:42,INFO,Data fetched successfully
2024-08-05 13:25:36,INFO,Data fetched successfully
2024-08-05 13:35:32,INFO,Data fetched successfully
2024-08-05 13:42:42,INFO,Data fetched successfully
2024-08-05 13:44:24,INFO,Reloading databases and collections
2024-08-05 13:44:24,ERROR,Error Reloading databases and collections: get_dbs_and_collections() missing 1 required positional argument: 'db_name'
2024-08-05 13:44:24,INFO,Getting the list of databases
2024-08-05 13:44:24,INFO,Databases and collections fetched successfully
2024-08-05 13:53:02,INFO,Reloading databases and collections
2024-08-05 13:53:02,ERROR,Error Reloading databases and collections: get_dbs_and_collections() missing 1 required positional argument: 'db_name'
2024-08-05 13:53:02,INFO,Getting the list of databases
2024-08-05 13:53:02,INFO,Databases and collections fetched successfully
2024-08-05 13:53:03,INFO,Data fetched successfully
2024-08-05 14:03:24,INFO,Data fetched successfully
2024-08-05 14:15:01,INFO,Reloading databases and collections
2024-08-05 14:15:01,ERROR,Error Reloading databases and collections: get_dbs_and_collections() missing 1 required positional argument: 'db_name'
2024-08-05 14:15:01,INFO,Getting the list of databases
2024-08-05 14:15:01,INFO,Databases and collections fetched successfully
2024-08-05 14:15:03,INFO,Data fetched successfully
2024-08-05 14:24:02,INFO,Data fetched successfully
2024-08-05 14:29:30,INFO,Reloading databases and collections
2024-08-05 14:29:30,ERROR,Error Reloading databases and collections: get_dbs_and_collections() missing 1 required positional argument: 'db_name'
2024-08-05 14:29:30,INFO,Getting the list of databases
2024-08-05 14:29:30,INFO,Databases and collections fetched successfully
2024-08-05 14:29:32,INFO,Data fetched successfully
2024-08-05 14:29:36,INFO,Data fetched successfully
2024-08-05 15:03:46,INFO,Reloading databases and collections
2024-08-05 15:03:46,ERROR,Error Reloading databases and collections: get_dbs_and_collections() missing 1 required positional argument: 'db_name'
2024-08-05 15:03:46,INFO,Getting the list of databases
2024-08-05 15:03:46,INFO,Databases and collections fetched successfully
2024-08-05 15:15:54,INFO,Data fetched successfully
2024-08-05 15:17:02,INFO,Data fetched successfully
2024-08-05 15:20:25,INFO,Data fetched successfully
2024-08-05 15:20:40,INFO,Reloading databases and collections
2024-08-05 15:20:40,ERROR,Error Reloading databases and collections: get_dbs_and_collections() missing 1 required positional argument: 'db_name'
2024-08-05 15:20:40,INFO,Getting the list of databases
2024-08-05 15:20:40,INFO,Databases and collections fetched successfully
2024-08-05 15:20:41,INFO,Data fetched successfully
2024-08-05 15:23:12,INFO,Data fetched successfully
2024-08-05 15:23:23,INFO,Reloading databases and collections
2024-08-05 15:23:23,ERROR,Error Reloading databases and collections: get_dbs_and_collections() missing 1 required positional argument: 'db_name'
2024-08-05 15:23:23,INFO,Getting the list of databases
2024-08-05 15:23:23,INFO,Databases and collections fetched successfully
2024-08-05 15:23:38,INFO,Data fetched successfully
2024-08-05 15:25:16,INFO,Data fetched successfully
2024-08-05 15:26:37,INFO,Data fetched successfully
2024-08-05 15:27:20,INFO,Data fetched successfully
2024-08-05 15:27:56,INFO,Data fetched successfully
2024-08-05 15:28:09,INFO,Reloading databases and collections
2024-08-05 15:28:09,ERROR,Error Reloading databases and collections: get_dbs_and_collections() missing 1 required positional argument: 'db_name'
2024-08-05 15:28:09,INFO,Getting the list of databases
2024-08-05 15:28:09,INFO,Databases and collections fetched successfully
2024-08-05 15:28:13,INFO,Data fetched successfully
2024-08-05 15:29:23,INFO,Reloading databases and collections
2024-08-05 15:29:23,ERROR,Error Reloading databases and collections: get_dbs_and_collections() missing 1 required positional argument: 'db_name'
2024-08-05 15:29:23,INFO,Getting the list of databases
2024-08-05 15:29:23,INFO,Databases and collections fetched successfully
2024-08-05 15:29:28,INFO,Data fetched successfully
2024-08-05 15:33:56,INFO,Getting the list of databases
2024-08-05 15:33:56,INFO,Databases and collections fetched successfully
2024-08-05 15:37:54,INFO,Data fetched successfully
2024-08-05 15:41:47,INFO,Reloading databases and collections
2024-08-05 15:41:47,ERROR,Error Reloading databases and collections: get_dbs_and_collections() missing 1 required positional argument: 'db_name'
2024-08-05 15:41:47,INFO,Getting the list of databases
2024-08-05 15:41:47,INFO,Databases and collections fetched successfully
2024-08-05 15:41:51,INFO,Data fetched successfully
2024-08-06 09:58:54,INFO,Data fetched successfully
2024-08-06 10:17:23,INFO,Reloading databases and collections
2024-08-06 10:17:23,ERROR,Error Reloading databases and collections: get_dbs_and_collections() missing 1 required positional argument: 'db_name'
2024-08-06 10:17:23,INFO,Getting the list of databases
2024-08-06 10:17:23,INFO,Databases and collections fetched successfully
2024-08-06 10:39:48,INFO,Reloading databases and collections
2024-08-06 10:39:48,ERROR,Error Reloading databases and collections: get_dbs_and_collections() missing 1 required positional argument: 'db_name'
2024-08-06 10:39:48,INFO,Getting the list of databases
2024-08-06 10:39:48,INFO,Databases and collections fetched successfully
2024-08-06 11:14:04,INFO,Reloading databases and collections
2024-08-06 11:14:04,ERROR,Error Reloading databases and collections: get_dbs_and_collections() missing 1 required positional argument: 'db_name'
2024-08-06 11:14:04,INFO,Getting the list of databases
2024-08-06 11:14:04,INFO,Databases and collections fetched successfully
2024-08-06 11:14:12,INFO,Data fetched successfully
2024-08-06 11:18:15,INFO,Data fetched successfully
2024-08-06 11:33:57,INFO,Reloading databases and collections
2024-08-06 11:33:57,ERROR,Error Reloading databases and collections: get_dbs_and_collections() missing 1 required positional argument: 'db_name'
2024-08-06 11:33:57,INFO,Getting the list of databases
2024-08-06 11:33:57,INFO,Databases and collections fetched successfully
2024-08-06 11:34:01,INFO,Data fetched successfully
2024-08-06 11:59:22,INFO,Reloading databases and collections
2024-08-06 11:59:22,ERROR,Error Reloading databases and collections: get_dbs_and_collections() missing 1 required positional argument: 'db_name'
2024-08-06 11:59:22,INFO,Getting the list of databases
2024-08-06 11:59:22,INFO,Databases and collections fetched successfully
2024-08-06 11:59:34,INFO,Reloading databases and collections
2024-08-06 11:59:34,ERROR,Error Reloading databases and collections: get_dbs_and_collections() missing 1 required positional argument: 'db_name'
2024-08-06 11:59:35,INFO,Getting the list of databases
2024-08-06 11:59:35,INFO,Databases and collections fetched successfully
2024-08-06 12:02:58,INFO,Reloading databases and collections
2024-08-06 12:02:58,ERROR,Error Reloading databases and collections: get_dbs_and_collections() missing 1 required positional argument: 'db_name'
2024-08-06 12:02:58,INFO,Getting the list of databases
2024-08-06 12:02:58,INFO,Databases and collections fetched successfully
2024-08-06 12:03:01,INFO,Data fetched successfully
2024-08-06 12:03:55,INFO,Data fetched successfully
2024-08-06 12:04:01,INFO,Data fetched successfully
2024-08-06 12:05:55,INFO,Reloading databases and collections
2024-08-06 12:05:55,ERROR,Error Reloading databases and collections: get_dbs_and_collections() missing 1 required positional argument: 'db_name'
2024-08-06 12:05:55,INFO,Getting the list of databases
2024-08-06 12:05:55,INFO,Databases and collections fetched successfully
2024-08-06 12:05:59,INFO,Data fetched successfully
2024-08-06 12:55:43,INFO,Reloading databases and collections
2024-08-06 12:55:43,ERROR,Error Reloading databases and collections: get_dbs_and_collections() missing 1 required positional argument: 'db_name'
2024-08-06 12:55:43,INFO,Getting the list of databases
2024-08-06 12:55:43,INFO,Databases and collections fetched successfully
2024-08-06 12:55:50,INFO,Data fetched successfully
2024-08-06 12:56:19,INFO,Data fetched successfully
2024-08-06 13:04:13,INFO,Getting the list of databases
2024-08-06 13:06:47,INFO,Getting the list of databases
2024-08-06 13:06:52,INFO,Getting the list of databases
2024-08-06 13:06:52,INFO,Databases and collections fetched successfully
2024-08-06 13:07:24,INFO,Getting the list of databases
2024-08-06 13:07:24,INFO,Databases and collections fetched successfully
2024-08-06 13:07:41,INFO,Getting the list of databases
2024-08-06 13:07:41,INFO,Databases and collections fetched successfully
2024-08-06 13:08:51,INFO,Getting the list of databases
2024-08-06 13:08:51,INFO,Databases and collections fetched successfully
2024-08-06 13:09:08,INFO,Getting the list of databases
2024-08-06 13:09:08,INFO,Databases and collections fetched successfully
2024-08-06 13:12:02,INFO,Getting the list of databases
2024-08-06 13:12:46,INFO,Getting the list of databases
2024-08-06 13:13:00,INFO,Getting the list of databases
2024-08-06 13:13:10,INFO,Getting the list of databases
2024-08-06 13:13:10,INFO,Databases and collections fetched successfully
2024-08-06 13:13:44,INFO,Getting the list of databases
2024-08-06 13:13:44,INFO,Databases and collections fetched successfully
2024-08-06 13:14:43,INFO,Getting the list of databases
2024-08-06 13:14:43,INFO,Databases and collections fetched successfully
2024-08-06 13:15:21,INFO,Getting the list of databases
2024-08-06 13:15:21,INFO,Databases and collections fetched successfully
2024-08-06 13:16:11,INFO,Getting the list of databases
2024-08-06 13:16:11,INFO,Databases and collections fetched successfully
2024-08-06 13:23:36,INFO,Data fetched successfully
2024-08-06 13:27:03,INFO,Reloading databases and collections
2024-08-06 13:27:03,ERROR,Error Reloading databases and collections: get_dbs_and_collections() missing 1 required positional argument: 'db_name'
2024-08-06 13:27:03,INFO,Getting the list of databases
2024-08-06 13:27:03,INFO,Databases and collections fetched successfully
2024-08-06 13:29:36,INFO,Data fetched successfully
2024-08-06 13:31:55,INFO,Reloading databases and collections
2024-08-06 13:31:55,ERROR,Error Reloading databases and collections: get_dbs_and_collections() missing 1 required positional argument: 'db_name'
2024-08-06 13:31:55,INFO,Getting the list of databases
2024-08-06 13:31:55,INFO,Databases and collections fetched successfully
2024-08-06 13:39:24,INFO,Data fetched successfully
2024-08-06 13:40:01,INFO,Data fetched successfully
2024-08-06 13:42:53,INFO,Data fetched successfully
2024-08-06 13:53:40,INFO,Reloading databases and collections
2024-08-06 13:53:40,ERROR,Error Reloading databases and collections: get_dbs_and_collections() missing 1 required positional argument: 'db_name'
2024-08-06 13:53:40,INFO,Getting the list of databases
2024-08-06 13:53:40,INFO,Databases and collections fetched successfully
2024-08-06 13:55:06,INFO,Data fetched successfully
2024-08-06 13:55:32,INFO,Data fetched successfully
2024-08-06 14:02:05,INFO,Data fetched successfully
2024-08-06 14:02:16,INFO,Data fetched successfully
2024-08-06 14:02:24,INFO,Data fetched successfully
2024-08-06 14:02:29,INFO,Data fetched successfully
2024-08-06 14:05:52,INFO,Reloading databases and collections
2024-08-06 14:05:52,ERROR,Error Reloading databases and collections: get_dbs_and_collections() missing 1 required positional argument: 'db_name'
2024-08-06 14:05:52,INFO,Getting the list of databases
2024-08-06 14:05:52,INFO,Databases and collections fetched successfully
2024-08-06 14:06:44,INFO,Reloading databases and collections
2024-08-06 14:06:44,ERROR,Error Reloading databases and collections: get_dbs_and_collections() missing 1 required positional argument: 'db_name'
2024-08-06 14:06:44,INFO,Getting the list of databases
2024-08-06 14:06:44,INFO,Databases and collections fetched successfully
2024-08-06 14:06:48,INFO,Data fetched successfully
2024-08-06 14:07:14,INFO,Data fetched successfully
2024-08-06 14:09:32,INFO,Data fetched successfully
2024-08-06 14:11:26,INFO,Data fetched successfully
2024-08-06 14:41:36,INFO,Data fetched successfully
2024-08-06 14:41:39,INFO,Data fetched successfully
2024-08-06 15:01:39,INFO,Data fetched successfully
2024-08-06 15:06:37,INFO,Data fetched successfully
2024-08-06 15:07:08,INFO,Data fetched successfully
2024-08-06 15:07:28,INFO,Data fetched successfully
2024-08-06 15:07:32,INFO,Data fetched successfully
2024-08-06 15:07:35,INFO,Data fetched successfully
2024-08-06 15:14:29,INFO,Data fetched successfully
2024-08-11 14:28:14,INFO,Data fetched successfully
2024-08-11 14:28:24,INFO,Reloading databases and collections
2024-08-11 14:28:24,ERROR,Error Reloading databases and collections: get_dbs_and_collections() missing 1 required positional argument: 'db_name'
2024-08-11 14:28:24,INFO,Getting the list of databases
2024-08-11 14:28:24,INFO,Databases and collections fetched successfully
2024-08-11 14:28:34,INFO,Data fetched successfully
2024-08-11 14:29:01,INFO,Data fetched successfully
2024-08-11 14:30:35,INFO,Data fetched successfully
2024-08-11 14:31:17,INFO,Data fetched successfully
2024-08-11 15:05:30,INFO,Reloading databases and collections
2024-08-11 15:05:30,ERROR,Error Reloading databases and collections: get_dbs_and_collections() missing 1 required positional argument: 'db_name'
2024-08-11 15:05:30,INFO,Getting the list of databases
2024-08-11 15:05:30,INFO,Databases and collections fetched successfully
2024-08-11 15:05:41,INFO,Data fetched successfully
2024-08-11 15:05:49,INFO,Data fetched successfully
2024-08-11 15:26:30,INFO,Data fetched successfully
2024-08-11 15:46:26,INFO,Reloading databases and collections
2024-08-11 15:46:26,ERROR,Error Reloading databases and collections: get_dbs_and_collections() missing 1 required positional argument: 'db_name'
2024-08-11 15:46:26,INFO,Getting the list of databases
2024-08-11 15:46:26,INFO,Databases and collections fetched successfully
2024-08-12 13:30:24,INFO,Data fetched successfully
2024-08-12 13:30:37,INFO,Reloading databases and collections
2024-08-12 13:30:37,ERROR,Error Reloading databases and collections: get_dbs_and_collections() missing 1 required positional argument: 'db_name'
2024-08-12 13:30:37,INFO,Getting the list of databases
2024-08-12 13:30:37,INFO,Databases and collections fetched successfully
2024-08-12 13:30:43,INFO,Data fetched successfully
2024-08-12 14:24:05,INFO,Data fetched successfully
2024-08-13 10:17:45,INFO,Reloading databases and collections
2024-08-13 10:17:45,ERROR,Error Reloading databases and collections: get_dbs_and_collections() missing 1 required positional argument: 'db_name'
2024-08-13 10:17:45,INFO,Getting the list of databases
2024-08-13 10:17:45,INFO,Databases and collections fetched successfully
2024-08-13 10:17:50,INFO,Data fetched successfully
2024-08-13 11:13:33,INFO,Reloading databases and collections
2024-08-13 11:13:33,ERROR,Error Reloading databases and collections: get_dbs_and_collections() missing 1 required positional argument: 'db_name'
2024-08-13 11:13:33,INFO,Getting the list of databases
2024-08-13 11:13:33,INFO,Databases and collections fetched successfully
2024-08-13 11:13:36,INFO,Data fetched successfully
2024-08-13 11:17:27,INFO,Reloading databases and collections
2024-08-13 11:17:27,ERROR,Error Reloading databases and collections: get_dbs_and_collections() missing 1 required positional argument: 'db_name'
2024-08-13 11:17:27,INFO,Getting the list of databases
2024-08-13 11:17:27,INFO,Databases and collections fetched successfully
2024-08-13 11:17:29,INFO,Data fetched successfully
2024-08-13 11:53:05,INFO,Data fetched successfully
2024-08-13 12:06:52,INFO,Reloading databases and collections
2024-08-13 12:06:52,ERROR,Error Reloading databases and collections: get_dbs_and_collections() missing 1 required positional argument: 'db_name'
2024-08-13 12:06:52,INFO,Getting the list of databases
2024-08-13 12:06:53,INFO,Databases and collections fetched successfully
2024-08-13 12:06:55,INFO,Data fetched successfully
2024-08-13 12:07:08,INFO,Data fetched successfully
2024-08-13 13:47:16,INFO,Getting the list of databases
2024-08-13 13:47:16,INFO,Databases and collections fetched successfully
2024-08-13 13:47:19,INFO,Reloading databases and collections
2024-08-13 13:47:19,ERROR,Error Reloading databases and collections: get_dbs_and_collections() missing 1 required positional argument: 'db_name'
2024-08-13 13:47:19,INFO,Getting the list of databases
2024-08-13 13:47:19,INFO,Databases and collections fetched successfully
2024-08-13 13:49:16,INFO,Getting the list of databases
2024-08-13 13:49:17,INFO,Databases and collections fetched successfully
2024-08-13 13:51:36,INFO,Data fetched successfully
2024-08-13 14:00:33,INFO,Reloading databases and collections
2024-08-13 14:00:33,ERROR,Error Reloading databases and collections: get_dbs_and_collections() missing 1 required positional argument: 'db_name'
2024-08-13 14:00:34,INFO,Getting the list of databases
2024-08-13 14:00:34,INFO,Databases and collections fetched successfully
2024-08-13 14:00:38,INFO,Data fetched successfully
2024-08-13 14:04:01,INFO,Reloading databases and collections
2024-08-13 14:04:01,ERROR,Error Reloading databases and collections: get_dbs_and_collections() missing 1 required positional argument: 'db_name'
2024-08-13 14:04:01,INFO,Getting the list of databases
2024-08-13 14:04:01,INFO,Databases and collections fetched successfully
2024-08-13 14:04:05,INFO,Data fetched successfully
2024-08-13 14:07:07,INFO,Reloading databases and collections
2024-08-13 14:07:07,ERROR,Error Reloading databases and collections: get_dbs_and_collections() missing 1 required positional argument: 'db_name'
2024-08-13 14:07:07,INFO,Getting the list of databases
2024-08-13 14:07:07,INFO,Databases and collections fetched successfully
2024-08-13 14:07:11,INFO,Data fetched successfully
2024-08-13 14:17:23,INFO,Reloading databases and collections
2024-08-13 14:17:23,ERROR,Error Reloading databases and collections: get_dbs_and_collections() missing 1 required positional argument: 'db_name'
2024-08-13 14:17:23,INFO,Getting the list of databases
2024-08-13 14:17:23,INFO,Databases and collections fetched successfully
2024-08-13 14:17:27,INFO,Data fetched successfully
2024-08-13 14:30:18,INFO,Reloading databases and collections
2024-08-13 14:30:18,ERROR,Error Reloading databases and collections: get_dbs_and_collections() missing 1 required positional argument: 'db_name'
2024-08-13 14:30:18,INFO,Getting the list of databases
2024-08-13 14:30:18,INFO,Databases and collections fetched successfully
2024-08-13 14:30:24,INFO,Data fetched successfully
2024-08-13 14:46:56,INFO,Reloading databases and collections
2024-08-13 14:46:56,ERROR,Error Reloading databases and collections: get_dbs_and_collections() missing 1 required positional argument: 'db_name'
2024-08-13 14:46:56,INFO,Getting the list of databases
2024-08-13 14:46:56,INFO,Databases and collections fetched successfully
2024-08-13 14:47:04,INFO,Reloading databases and collections
2024-08-13 14:47:04,ERROR,Error Reloading databases and collections: get_dbs_and_collections() missing 1 required positional argument: 'db_name'
2024-08-13 14:47:04,INFO,Getting the list of databases
2024-08-13 14:47:04,INFO,Databases and collections fetched successfully
2024-08-13 14:47:08,INFO,Data fetched successfully
2024-08-13 15:22:40,INFO,Data fetched successfully
2024-08-13 15:40:46,INFO,Data fetched successfully
2024-08-13 19:48:05,INFO,Reloading databases and collections
2024-08-13 19:48:05,ERROR,Error Reloading databases and collections: get_dbs_and_collections() missing 1 required positional argument: 'db_name'
2024-08-13 19:48:05,INFO,Getting the list of databases
2024-08-13 19:48:05,INFO,Databases and collections fetched successfully
2024-08-13 19:48:09,INFO,Data fetched successfully
2024-08-14 10:04:05,INFO,Data fetched successfully
2024-08-14 10:04:07,INFO,Reloading databases and collections
2024-08-14 10:04:07,ERROR,Error Reloading databases and collections: get_dbs_and_collections() missing 1 required positional argument: 'db_name'
2024-08-14 10:04:07,INFO,Getting the list of databases
2024-08-14 10:04:07,INFO,Databases and collections fetched successfully
2024-08-14 10:13:35,INFO,Data fetched successfully
2024-08-14 10:20:06,INFO,Data fetched successfully
2024-08-14 11:23:03,INFO,Getting the list of databases
2024-08-14 11:23:03,INFO,Databases and collections fetched successfully
2024-08-14 11:36:20,INFO,Data fetched successfully
2024-08-14 11:39:01,INFO,Data fetched successfully
2024-08-14 12:08:24,INFO,Data fetched successfully
2024-08-14 14:19:02,INFO,Data fetched successfully
2024-08-14 14:57:33,INFO,Reloading databases and collections
2024-08-14 14:57:33,ERROR,Error Reloading databases and collections: get_dbs_and_collections() missing 1 required positional argument: 'db_name'
2024-08-14 14:57:33,INFO,Getting the list of databases
2024-08-14 14:57:33,INFO,Databases and collections fetched successfully
2024-08-14 15:19:35,INFO,Reloading databases and collections
2024-08-14 15:19:35,ERROR,Error Reloading databases and collections: get_dbs_and_collections() missing 1 required positional argument: 'db_name'
2024-08-14 15:19:35,INFO,Getting the list of databases
2024-08-14 15:19:35,INFO,Databases and collections fetched successfully
2024-08-14 15:57:51,INFO,Reloading databases and collections
2024-08-14 15:57:51,ERROR,Error Reloading databases and collections: get_dbs_and_collections() missing 1 required positional argument: 'db_name'
2024-08-14 15:57:51,INFO,Getting the list of databases
2024-08-14 15:57:52,INFO,Databases and collections fetched successfully
2024-08-14 15:57:53,INFO,Reloading databases and collections
2024-08-14 15:57:53,ERROR,Error Reloading databases and collections: get_dbs_and_collections() missing 1 required positional argument: 'db_name'
2024-08-14 15:57:54,INFO,Getting the list of databases
2024-08-14 15:57:54,INFO,Databases and collections fetched successfully
2024-08-14 15:58:04,INFO,Data fetched successfully
2024-08-14 15:58:08,INFO,Data fetched successfully
2024-08-14 15:59:57,INFO,Reloading databases and collections
2024-08-14 15:59:57,ERROR,Error Reloading databases and collections: get_dbs_and_collections() missing 1 required positional argument: 'db_name'
2024-08-14 15:59:57,INFO,Getting the list of databases
2024-08-14 15:59:57,INFO,Databases and collections fetched successfully
2024-08-14 15:59:59,INFO,Data fetched successfully
2024-08-14 16:00:21,INFO,Getting the list of databases
2024-08-14 16:00:21,INFO,Databases and collections fetched successfully
2024-08-14 16:00:23,INFO,Reloading databases and collections
2024-08-14 16:00:23,ERROR,Error Reloading databases and collections: get_dbs_and_collections() missing 1 required positional argument: 'db_name'
2024-08-14 16:00:23,INFO,Getting the list of databases
2024-08-14 16:00:23,INFO,Databases and collections fetched successfully
2024-08-14 16:00:24,INFO,Data fetched successfully
2024-08-14 16:00:28,INFO,Data fetched successfully
2024-08-14 16:00:34,INFO,Data fetched successfully
2024-08-14 16:00:52,INFO,Data fetched successfully
2024-08-14 16:01:03,INFO,Getting the list of databases
2024-08-14 16:01:03,INFO,Databases and collections fetched successfully
2024-08-14 16:01:05,INFO,Reloading databases and collections
2024-08-14 16:01:05,ERROR,Error Reloading databases and collections: get_dbs_and_collections() missing 1 required positional argument: 'db_name'
2024-08-14 16:01:05,INFO,Getting the list of databases
2024-08-14 16:01:05,INFO,Databases and collections fetched successfully
2024-08-14 16:01:10,INFO,Data fetched successfully
2024-08-14 16:01:42,INFO,Data fetched successfully
2024-08-18 12:23:27,INFO,Reloading databases and collections
2024-08-18 12:23:27,ERROR,Error Reloading databases and collections: get_dbs_and_collections() missing 1 required positional argument: 'db_name'
2024-08-18 12:23:27,INFO,Getting the list of databases
2024-08-18 12:23:27,INFO,Databases and collections fetched successfully
2024-08-18 12:23:31,INFO,Data fetched successfully
2024-08-18 12:23:54,INFO,Data fetched successfully
2024-08-18 12:41:45,INFO,Reloading databases and collections
2024-08-18 12:41:45,ERROR,Error Reloading databases and collections: get_dbs_and_collections() missing 1 required positional argument: 'db_name'
2024-08-18 12:41:45,INFO,Getting the list of databases
2024-08-18 12:41:45,INFO,Databases and collections fetched successfully
2024-08-18 12:42:01,INFO,Reloading databases and collections
2024-08-18 12:42:01,ERROR,Error Reloading databases and collections: get_dbs_and_collections() missing 1 required positional argument: 'db_name'
2024-08-18 12:42:01,INFO,Getting the list of databases
2024-08-18 12:42:02,INFO,Databases and collections fetched successfully
2024-08-18 12:42:14,INFO,Data fetched successfully
2024-08-18 12:51:53,INFO,Reloading databases and collections
2024-08-18 12:51:53,ERROR,Error Reloading databases and collections: get_dbs_and_collections() missing 1 required positional argument: 'db_name'
2024-08-18 12:51:53,INFO,Getting the list of databases
2024-08-18 12:51:53,INFO,Databases and collections fetched successfully
2024-08-18 12:51:54,INFO,Data fetched successfully
2024-08-18 12:54:15,INFO,Reloading databases and collections
2024-08-18 12:54:15,ERROR,Error Reloading databases and collections: get_dbs_and_collections() missing 1 required positional argument: 'db_name'
2024-08-18 12:54:15,INFO,Getting the list of databases
2024-08-18 12:54:15,INFO,Databases and collections fetched successfully
2024-08-18 12:54:18,INFO,Data fetched successfully
2024-08-18 12:54:25,INFO,Reloading databases and collections
2024-08-18 12:54:25,ERROR,Error Reloading databases and collections: get_dbs_and_collections() missing 1 required positional argument: 'db_name'
2024-08-18 12:54:25,INFO,Getting the list of databases
2024-08-18 12:54:25,INFO,Databases and collections fetched successfully
2024-08-18 13:08:01,INFO,Reloading databases and collections
2024-08-18 13:08:01,ERROR,Error Reloading databases and collections: get_dbs_and_collections() missing 1 required positional argument: 'db_name'
2024-08-18 13:08:01,INFO,Getting the list of databases
2024-08-18 13:08:01,INFO,Databases and collections fetched successfully
2024-08-18 13:11:15,INFO,Reloading databases and collections
2024-08-18 13:11:15,ERROR,Error Reloading databases and collections: get_dbs_and_collections() missing 1 required positional argument: 'db_name'
2024-08-18 13:11:15,INFO,Getting the list of databases
2024-08-18 13:11:15,INFO,Databases and collections fetched successfully
2024-08-18 13:11:17,INFO,Data fetched successfully
2024-08-18 13:11:24,INFO,Data fetched successfully
2024-08-18 13:11:46,INFO,Data fetched successfully
2024-08-18 13:15:21,INFO,Reloading databases and collections
2024-08-18 13:15:21,ERROR,Error Reloading databases and collections: get_dbs_and_collections() missing 1 required positional argument: 'db_name'
2024-08-18 13:15:21,INFO,Getting the list of databases
2024-08-18 13:15:21,INFO,Databases and collections fetched successfully
2024-08-18 13:15:33,INFO,Data fetched successfully
2024-08-18 13:15:41,INFO,Data fetched successfully
2024-08-18 13:18:39,INFO,Reloading databases and collections
2024-08-18 13:18:39,ERROR,Error Reloading databases and collections: get_dbs_and_collections() missing 1 required positional argument: 'db_name'
2024-08-18 13:18:39,INFO,Getting the list of databases
2024-08-18 13:18:39,INFO,Databases and collections fetched successfully
2024-08-18 13:19:28,INFO,Data fetched successfully
2024-08-18 13:19:33,INFO,Data fetched successfully
2024-08-18 13:27:08,INFO,Reloading databases and collections
2024-08-18 13:27:08,ERROR,Error Reloading databases and collections: get_dbs_and_collections() missing 1 required positional argument: 'db_name'
2024-08-18 13:27:08,INFO,Getting the list of databases
2024-08-18 13:27:08,INFO,Databases and collections fetched successfully
2024-08-18 13:27:13,INFO,Data fetched successfully
2024-08-18 13:41:06,INFO,Reloading databases and collections
2024-08-18 13:41:06,ERROR,Error Reloading databases and collections: get_dbs_and_collections() missing 1 required positional argument: 'db_name'
2024-08-18 13:41:06,INFO,Getting the list of databases
2024-08-18 13:41:06,INFO,Databases and collections fetched successfully
2024-08-18 13:41:11,INFO,Data fetched successfully
2024-08-18 13:44:00,INFO,Reloading databases and collections
2024-08-18 13:44:00,ERROR,Error Reloading databases and collections: get_dbs_and_collections() missing 1 required positional argument: 'db_name'
2024-08-18 13:44:00,INFO,Getting the list of databases
2024-08-18 13:44:01,INFO,Databases and collections fetched successfully
2024-08-18 13:44:06,INFO,Data fetched successfully
2024-08-18 13:47:47,INFO,Reloading databases and collections
2024-08-18 13:47:47,ERROR,Error Reloading databases and collections: get_dbs_and_collections() missing 1 required positional argument: 'db_name'
2024-08-18 13:47:47,INFO,Getting the list of databases
2024-08-18 13:47:47,INFO,Databases and collections fetched successfully
2024-08-18 13:47:50,INFO,Data fetched successfully
2024-08-18 13:50:25,INFO,Reloading databases and collections
2024-08-18 13:50:25,ERROR,Error Reloading databases and collections: get_dbs_and_collections() missing 1 required positional argument: 'db_name'
2024-08-18 13:50:25,INFO,Getting the list of databases
2024-08-18 13:50:25,INFO,Databases and collections fetched successfully
2024-08-18 13:50:28,INFO,Data fetched successfully
2024-08-18 14:15:59,INFO,Reloading databases and collections
2024-08-18 14:15:59,ERROR,Error Reloading databases and collections: get_dbs_and_collections() missing 1 required positional argument: 'db_name'
2024-08-18 14:15:59,INFO,Getting the list of databases
2024-08-18 14:15:59,INFO,Databases and collections fetched successfully
2024-08-18 14:16:01,INFO,Data fetched successfully
2024-08-18 14:16:05,INFO,Data fetched successfully
2024-08-18 14:37:25,INFO,Data fetched successfully
2024-08-18 14:37:35,INFO,Data fetched successfully
2024-08-18 15:28:52,INFO,Reloading databases and collections
2024-08-18 15:28:52,ERROR,Error Reloading databases and collections: get_dbs_and_collections() missing 1 required positional argument: 'db_name'
2024-08-18 15:28:52,INFO,Getting the list of databases
2024-08-18 15:28:52,INFO,Databases and collections fetched successfully
2024-08-18 15:29:00,INFO,Data fetched successfully
2024-08-18 16:27:40,INFO,Reloading databases and collections
2024-08-18 16:27:40,ERROR,Error Reloading databases and collections: get_dbs_and_collections() missing 1 required positional argument: 'db_name'
2024-08-18 16:27:40,INFO,Getting the list of databases
2024-08-18 16:27:40,INFO,Databases and collections fetched successfully
2024-08-18 16:27:47,INFO,Data fetched successfully
2024-08-18 16:36:36,INFO,Reloading databases and collections
2024-08-18 16:36:36,ERROR,Error Reloading databases and collections: get_dbs_and_collections() missing 1 required positional argument: 'db_name'
2024-08-18 16:36:36,INFO,Getting the list of databases
2024-08-18 16:36:36,INFO,Databases and collections fetched successfully
2024-08-18 16:36:38,INFO,Data fetched successfully
2024-08-18 16:48:35,INFO,Reloading databases and collections
2024-08-18 16:48:35,ERROR,Error Reloading databases and collections: get_dbs_and_collections() missing 1 required positional argument: 'db_name'
2024-08-18 16:48:35,INFO,Getting the list of databases
2024-08-18 16:48:35,INFO,Databases and collections fetched successfully
2024-08-18 16:48:36,INFO,Data fetched successfully
2024-08-18 16:48:43,INFO,Data fetched successfully
2024-08-18 16:51:24,INFO,Reloading databases and collections
2024-08-18 16:51:24,ERROR,Error Reloading databases and collections: get_dbs_and_collections() missing 1 required positional argument: 'db_name'
2024-08-18 16:51:24,INFO,Getting the list of databases
2024-08-18 16:51:24,INFO,Databases and collections fetched successfully
2024-08-18 16:51:28,INFO,Data fetched successfully
2024-08-18 17:01:36,INFO,Reloading databases and collections
2024-08-18 17:01:36,ERROR,Error Reloading databases and collections: get_dbs_and_collections() missing 1 required positional argument: 'db_name'
2024-08-18 17:01:36,INFO,Getting the list of databases
2024-08-18 17:01:36,INFO,Databases and collections fetched successfully
2024-08-18 17:01:37,INFO,Data fetched successfully
2024-08-18 17:04:42,INFO,Reloading databases and collections
2024-08-18 17:04:42,ERROR,Error Reloading databases and collections: get_dbs_and_collections() missing 1 required positional argument: 'db_name'
2024-08-18 17:04:42,INFO,Getting the list of databases
2024-08-18 17:04:42,INFO,Databases and collections fetched successfully
2024-08-18 17:04:43,INFO,Data fetched successfully
2024-08-19 10:24:56,INFO,Reloading databases and collections
2024-08-19 10:24:56,ERROR,Error Reloading databases and collections: get_dbs_and_collections() missing 1 required positional argument: 'db_name'
2024-08-19 10:24:56,INFO,Getting the list of databases
2024-08-19 10:24:56,INFO,Databases and collections fetched successfully
2024-08-19 10:26:13,INFO,Reloading databases and collections
2024-08-19 10:26:13,ERROR,Error Reloading databases and collections: get_dbs_and_collections() missing 1 required positional argument: 'db_name'
2024-08-19 10:26:13,INFO,Getting the list of databases
2024-08-19 10:26:14,INFO,Databases and collections fetched successfully
2024-08-19 10:26:17,INFO,Fetching data from 2024-08-18T00:00:00Z to 2024-08-18T23:59:59.999000Z
2024-08-19 10:26:17,INFO,Data fetched successfully
2024-08-19 10:26:49,INFO,Getting the list of databases
2024-08-19 10:26:49,INFO,Databases and collections fetched successfully
2024-08-19 10:26:56,INFO,Fetching data from 2024-08-18T00:00:00Z to 2024-08-19T23:59:59.999000Z
2024-08-19 10:26:56,INFO,Data fetched successfully
2024-08-19 10:27:13,INFO,Fetching data from 2024-08-18T00:00:00Z to 2024-08-18T23:59:59.999000Z
2024-08-19 10:27:13,INFO,Data fetched successfully
2024-08-19 10:54:30,INFO,Reloading databases and collections
2024-08-19 10:54:30,ERROR,Error Reloading databases and collections: get_dbs_and_collections() missing 1 required positional argument: 'db_name'
2024-08-19 10:54:30,INFO,Getting the list of databases
2024-08-19 10:54:30,INFO,Databases and collections fetched successfully
2024-08-19 10:54:33,INFO,Fetching data from 2024-08-18T00:00:00Z to 2024-08-19T23:59:59.999000Z
2024-08-19 10:54:33,INFO,Data fetched successfully
2024-08-19 11:22:00,INFO,Reloading databases and collections
2024-08-19 11:22:00,ERROR,Error Reloading databases and collections: get_dbs_and_collections() missing 1 required positional argument: 'db_name'
2024-08-19 11:22:00,INFO,Getting the list of databases
2024-08-19 11:22:00,INFO,Databases and collections fetched successfully
2024-08-19 11:22:02,INFO,Fetching data from 2024-08-18T00:00:00Z to 2024-08-19T23:59:59.999000Z
2024-08-19 11:22:02,INFO,Data fetched successfully
2024-08-19 11:27:02,INFO,Reloading databases and collections
2024-08-19 11:27:02,ERROR,Error Reloading databases and collections: get_dbs_and_collections() missing 1 required positional argument: 'db_name'
2024-08-19 11:27:02,INFO,Getting the list of databases
2024-08-19 11:27:02,INFO,Databases and collections fetched successfully
2024-08-19 11:27:05,INFO,Reloading databases and collections
2024-08-19 11:27:05,ERROR,Error Reloading databases and collections: get_dbs_and_collections() missing 1 required positional argument: 'db_name'
2024-08-19 11:27:05,INFO,Getting the list of databases
2024-08-19 11:27:05,INFO,Databases and collections fetched successfully
2024-08-19 11:27:28,INFO,Fetching data from 2024-08-18T00:00:00Z to 2024-08-19T23:59:59.999000Z
2024-08-19 11:27:28,INFO,Data fetched successfully
2024-08-19 11:27:34,INFO,Reloading databases and collections
2024-08-19 11:27:34,ERROR,Error Reloading databases and collections: get_dbs_and_collections() missing 1 required positional argument: 'db_name'
2024-08-19 11:27:34,INFO,Getting the list of databases
2024-08-19 11:27:34,INFO,Databases and collections fetched successfully
2024-08-19 11:39:45,INFO,Reloading databases and collections
2024-08-19 11:39:45,ERROR,Error Reloading databases and collections: get_dbs_and_collections() missing 1 required positional argument: 'db_name'
2024-08-19 11:39:45,INFO,Getting the list of databases
2024-08-19 11:39:45,INFO,Databases and collections fetched successfully
2024-08-19 11:40:09,INFO,Getting the list of databases
2024-08-19 11:40:09,INFO,Databases and collections fetched successfully
2024-08-19 12:01:41,INFO,Reloading databases and collections
2024-08-19 12:01:41,ERROR,Error Reloading databases and collections: get_dbs_and_collections() missing 1 required positional argument: 'db_name'
2024-08-19 12:01:42,INFO,Getting the list of databases
2024-08-19 12:01:42,INFO,Databases and collections fetched successfully
2024-08-19 12:01:44,INFO,Fetching data from 2024-08-18T00:00:00Z to 2024-08-19T23:59:59.999000Z
2024-08-19 12:01:44,INFO,Data fetched successfully
2024-08-19 12:21:55,INFO,Fetching data from 2024-08-18T00:00:00Z to 2024-08-19T23:59:59.999000Z
2024-08-19 12:21:55,INFO,Data fetched successfully
2024-08-19 12:29:08,INFO,Reloading databases and collections
2024-08-19 12:29:08,ERROR,Error Reloading databases and collections: get_dbs_and_collections() missing 1 required positional argument: 'db_name'
2024-08-19 12:29:08,INFO,Getting the list of databases
2024-08-19 12:29:08,INFO,Databases and collections fetched successfully
2024-08-19 12:29:09,INFO,Fetching data from 2024-08-18T00:00:00Z to 2024-08-19T23:59:59.999000Z
2024-08-19 12:29:09,INFO,Data fetched successfully
2024-08-19 12:32:06,INFO,Reloading databases and collections
2024-08-19 12:32:06,ERROR,Error Reloading databases and collections: get_dbs_and_collections() missing 1 required positional argument: 'db_name'
2024-08-19 12:32:06,INFO,Getting the list of databases
2024-08-19 12:32:06,INFO,Databases and collections fetched successfully
2024-08-19 12:32:11,INFO,Fetching data from 2024-08-19T00:00:00Z to 2024-08-19T23:59:59.999000Z
2024-08-19 12:32:11,INFO,Data fetched successfully
2024-08-19 12:32:27,INFO,Fetching data from 2024-08-19T00:00:00Z to 2024-08-19T23:59:59.999000Z
2024-08-19 12:32:27,INFO,Data fetched successfully
2024-08-19 12:33:12,INFO,Data fetched successfully
2024-08-19 12:33:17,INFO,Data fetched successfully
2024-08-19 12:33:37,INFO,Reloading databases and collections
2024-08-19 12:33:37,ERROR,Error Reloading databases and collections: get_dbs_and_collections() missing 1 required positional argument: 'db_name'
2024-08-19 12:33:37,INFO,Getting the list of databases
2024-08-19 12:33:37,INFO,Databases and collections fetched successfully
2024-08-19 12:33:43,INFO,Reloading databases and collections
2024-08-19 12:33:43,ERROR,Error Reloading databases and collections: get_dbs_and_collections() missing 1 required positional argument: 'db_name'
2024-08-19 12:33:44,INFO,Getting the list of databases
2024-08-19 12:33:44,INFO,Databases and collections fetched successfully
2024-08-19 12:33:47,INFO,Data fetched successfully
2024-08-19 12:34:04,INFO,Data fetched successfully
2024-08-19 12:45:17,INFO,Getting the list of databases
2024-08-19 12:45:17,INFO,Databases and collections fetched successfully
2024-08-19 12:45:28,INFO,Data fetched successfully
2024-08-19 12:45:36,INFO,Data fetched successfully
2024-08-19 13:07:19,INFO,Data fetched successfully
2024-08-19 13:07:19,INFO,Data fetched successfully
2024-08-19 13:58:59,INFO,Reloading databases and collections
2024-08-19 13:58:59,ERROR,Error Reloading databases and collections: get_dbs_and_collections() missing 1 required positional argument: 'db_name'
2024-08-19 13:59:00,INFO,Getting the list of databases
2024-08-19 13:59:00,INFO,Databases and collections fetched successfully
2024-08-19 13:59:02,INFO,Data fetched successfully
2024-08-19 14:49:22,INFO,Reloading databases and collections
2024-08-19 14:49:22,ERROR,Error Reloading databases and collections: get_dbs_and_collections() missing 1 required positional argument: 'db_name'
2024-08-19 14:49:22,INFO,Getting the list of databases
2024-08-19 14:49:22,INFO,Databases and collections fetched successfully
2024-08-19 14:52:25,INFO,Reloading databases and collections
2024-08-19 14:52:25,ERROR,Error Reloading databases and collections: get_dbs_and_collections() missing 1 required positional argument: 'db_name'
2024-08-19 14:52:25,INFO,Getting the list of databases
2024-08-19 14:52:25,INFO,Databases and collections fetched successfully
2024-08-19 15:45:17,INFO,Reloading databases and collections
2024-08-19 15:45:17,ERROR,Error Reloading databases and collections: get_dbs_and_collections() missing 1 required positional argument: 'db_name'
2024-08-19 15:45:17,INFO,Getting the list of databases
2024-08-19 15:45:17,INFO,Databases and collections fetched successfully
2024-08-19 16:10:14,INFO,Reloading databases and collections
2024-08-19 16:10:14,ERROR,Error Reloading databases and collections: get_dbs_and_collections() missing 1 required positional argument: 'db_name'
2024-08-19 16:10:15,INFO,Getting the list of databases
2024-08-19 16:10:15,INFO,Databases and collections fetched successfully
2024-08-19 16:11:30,INFO,Getting the list of databases
2024-08-19 16:11:30,INFO,Databases and collections fetched successfully
2024-08-19 17:28:58,INFO,Reloading databases and collections
2024-08-19 17:28:58,ERROR,Error Reloading databases and collections: get_dbs_and_collections() missing 1 required positional argument: 'db_name'
2024-08-19 17:28:58,INFO,Getting the list of databases
2024-08-19 17:28:58,INFO,Databases and collections fetched successfully
2024-08-19 17:29:02,INFO,Data fetched successfully
2024-08-19 17:33:49,INFO,Reloading databases and collections
2024-08-19 17:33:49,ERROR,Error Reloading databases and collections: get_dbs_and_collections() missing 1 required positional argument: 'db_name'
2024-08-19 17:33:49,INFO,Getting the list of databases
2024-08-19 17:33:49,INFO,Databases and collections fetched successfully
2024-08-19 17:33:52,INFO,Data fetched successfully
2024-08-19 17:34:05,INFO,Data fetched successfully
2024-08-19 17:34:32,INFO,Data fetched successfully
2024-08-19 17:37:49,INFO,Reloading databases and collections
2024-08-19 17:37:49,ERROR,Error Reloading databases and collections: get_dbs_and_collections() missing 1 required positional argument: 'db_name'
2024-08-19 17:37:49,INFO,Getting the list of databases
2024-08-19 17:37:49,INFO,Databases and collections fetched successfully
2024-08-19 17:38:09,INFO,Data fetched successfully
2024-08-19 17:39:37,INFO,Reloading databases and collections
2024-08-19 17:39:37,ERROR,Error Reloading databases and collections: get_dbs_and_collections() missing 1 required positional argument: 'db_name'
2024-08-19 17:39:37,INFO,Getting the list of databases
2024-08-19 17:39:38,INFO,Databases and collections fetched successfully
2024-08-19 17:39:42,INFO,Data fetched successfully
2024-08-20 09:31:04,INFO,Data fetched successfully
2024-08-20 09:31:10,INFO,Reloading databases and collections
2024-08-20 09:31:10,ERROR,Error Reloading databases and collections: get_dbs_and_collections() missing 1 required positional argument: 'db_name'
2024-08-20 09:31:10,INFO,Getting the list of databases
2024-08-20 09:31:10,INFO,Databases and collections fetched successfully
2024-08-20 09:31:14,INFO,Data fetched successfully
2024-08-20 10:00:08,INFO,Getting the list of databases
2024-08-20 10:00:08,INFO,Databases and collections fetched successfully
2024-08-20 12:37:56,INFO,Getting the list of databases
2024-08-20 12:37:56,INFO,Databases and collections fetched successfully
2024-08-20 12:49:22,INFO,Reloading databases and collections
2024-08-20 12:49:22,ERROR,Error Reloading databases and collections: get_dbs_and_collections() missing 1 required positional argument: 'db_name'
2024-08-20 12:49:22,INFO,Getting the list of databases
2024-08-20 12:49:22,INFO,Databases and collections fetched successfully
2024-08-20 12:49:29,INFO,Data fetched successfully
2024-08-20 13:21:06,INFO,Data fetched successfully
2024-08-20 13:55:37,INFO,Getting the list of databases
2024-08-20 13:55:37,INFO,Databases and collections fetched successfully
2024-08-20 14:29:14,INFO,Getting the list of databases
2024-08-20 14:29:14,INFO,Databases and collections fetched successfully
2024-08-20 14:37:52,INFO,Reloading databases and collections
2024-08-20 14:37:52,ERROR,Error Reloading databases and collections: get_dbs_and_collections() missing 1 required positional argument: 'db_name'
2024-08-20 14:37:52,INFO,Getting the list of databases
2024-08-20 14:37:52,INFO,Databases and collections fetched successfully
2024-08-20 14:37:54,INFO,Data fetched successfully
2024-08-20 14:48:24,INFO,Reloading databases and collections
2024-08-20 14:48:24,ERROR,Error Reloading databases and collections: get_dbs_and_collections() missing 1 required positional argument: 'db_name'
2024-08-20 14:48:24,INFO,Getting the list of databases
2024-08-20 14:48:24,INFO,Databases and collections fetched successfully
2024-08-20 14:48:33,INFO,Reloading databases and collections
2024-08-20 14:48:33,ERROR,Error Reloading databases and collections: get_dbs_and_collections() missing 1 required positional argument: 'db_name'
2024-08-20 14:48:33,INFO,Getting the list of databases
2024-08-20 14:48:33,INFO,Databases and collections fetched successfully
2024-08-20 14:48:48,INFO,Data fetched successfully
2024-08-21 09:48:21,INFO,Reloading databases and collections
2024-08-21 09:48:21,ERROR,Error Reloading databases and collections: get_dbs_and_collections() missing 1 required positional argument: 'db_name'
2024-08-21 09:48:21,INFO,Getting the list of databases
2024-08-21 09:48:21,INFO,Databases and collections fetched successfully
2024-08-21 09:48:24,INFO,Data fetched successfully
2024-08-21 09:48:31,INFO,Reloading databases and collections
2024-08-21 09:48:31,ERROR,Error Reloading databases and collections: get_dbs_and_collections() missing 1 required positional argument: 'db_name'
2024-08-21 09:48:32,INFO,Getting the list of databases
2024-08-21 09:48:32,INFO,Databases and collections fetched successfully
2024-08-21 09:48:33,INFO,Reloading databases and collections
2024-08-21 09:48:33,ERROR,Error Reloading databases and collections: get_dbs_and_collections() missing 1 required positional argument: 'db_name'
2024-08-21 09:48:33,INFO,Getting the list of databases
2024-08-21 09:48:33,INFO,Databases and collections fetched successfully
2024-08-21 09:48:55,INFO,Data fetched successfully
2024-08-21 09:49:28,INFO,Data fetched successfully
2024-08-21 09:49:44,INFO,Data fetched successfully
2024-08-21 12:34:36,INFO,Reloading databases and collections
2024-08-21 12:34:36,ERROR,Error Reloading databases and collections: get_dbs_and_collections() missing 1 required positional argument: 'db_name'
2024-08-21 12:34:36,INFO,Getting the list of databases
2024-08-21 12:34:36,INFO,Databases and collections fetched successfully
2024-08-21 12:34:39,INFO,Data fetched successfully
2024-08-21 12:35:00,INFO,Data fetched successfully
2024-08-21 13:02:07,INFO,Reloading databases and collections
2024-08-21 13:02:07,ERROR,Error Reloading databases and collections: get_dbs_and_collections() missing 1 required positional argument: 'db_name'
2024-08-21 13:02:07,INFO,Getting the list of databases
2024-08-21 13:02:07,INFO,Databases and collections fetched successfully
2024-08-21 13:02:09,INFO,Data fetched successfully
2024-08-21 13:02:34,INFO,Data fetched successfully
